<?xml version="1.0" encoding="utf-8"?>
<TestRun id="acee60ab-3761-448a-aaec-a38008357166" name="runneradmin@runnervmk2qs2 2026-08-15 08:45:58" runUser="runnervmk2qs2\runneradmin" xmlns="http://microsoft.com/schemas/VisualStudio/TeamTest/2010">
  <Times creation="2026-08-15T08:45:58.3362161+00:00" queuing="2026-08-15T08:45:58.3362162+00:00" start="2026-08-15T08:45:57.4699918+00:00" finish="2026-08-15T08:46:04.4476171+00:00" />
  <TestSettings name="default" id="9ba28b02-8371-4e87-a523-562018a7a2fb">
    <Deployment runDeploymentRoot="runneradmin_runnervmk2qs2_2026-08-15_08_45_58" />
  </TestSettings>
  <Results>
    <UnitTestResult executionId="0aa4702a-11d1-4dc0-9f1e-920884c0b9f2" testId="a4905071-c0d1-cf1e-df99-7e942db2a4d1" testName="MahmoudAI.Core.Tests.TaskGraphV2Tests.RetryPolicy_ShouldRejectZeroMaxAttempts" computerName="runnervmk2qs2" duration="00:00:00.0013313" startTime="2026-08-15T08:45:58.7099054+00:00" endTime="2026-08-15T08:45:58.7099056+00:00" testType="13cdc9d9-ddb5-4fa4-a97d-d965ccfc6d4b" outcome="Passed" testListId="8c84fa94-04c1-424b-9868-57a2d4851a1d" relativeResultsDirectory="0aa4702a-11d1-4dc0-9f1e-920884c0b9f2" />
    <UnitTestResult executionId="d49220d4-374c-4680-976d-f0dec1e2dfaa" testId="952bafce-eb2f-935d-dbdd-98e190c3e79b" testName="MahmoudAI.Core.Tests.AdvancedPermissionBrokerTests.LeaseExpiry_ShouldStartAfterApprovalCompletes" computerName="runnervmk2qs2" duration="00:00:00.0065893" startTime="2026-08-15T08:45:59.3253259+00:00" endTime="2026-08-15T08:45:59.3253262+00:00" testType="13cdc9d9-ddb5-4fa4-a97d-d965ccfc6d4b" outcome="Passed" testListId="8c84fa94-04c1-424b-9868-57a2d4851a1d" relativeResultsDirectory="d49220d4-374c-4680-976d-f0dec1e2dfaa" />
    <UnitTestResult executionId="803092bb-bc4d-4932-9140-a04a76b961db" testId="753d19b9-474d-6156-05b3-19f7634cafaf" testName="MahmoudAI.Core.Tests.IntegrationBoundaryTests.RiskPolicy_ShouldBlockPhysicalInputForGameContext" computerName="runnervmk2qs2" duration="00:00:00.0005937" startTime="2026-08-15T08:45:59.2693209+00:00" endTime="2026-08-15T08:45:59.2693211+00:00" testType="13cdc9d9-ddb5-4fa4-a97d-d965ccfc6d4b" outcome="Passed" testListId="8c84fa94-04c1-424b-9868-57a2d4851a1d" relativeResultsDirectory="803092bb-bc4d-4932-9140-a04a76b961db" />
    <UnitTestResult executionId="362a2e70-58ec-483a-b0d6-41c5f7767ef3" testId="575714b7-cafc-555b-75ee-65b2d7d0bcef" testName="MahmoudAI.Core.Tests.TaskGraphV2Tests.Scheduler_ShouldReportStalledCorrectly_WhenInjectedExecutorViolatesTaskIdentity" computerName="runnervmk2qs2" duration="00:00:00.0007586" startTime="2026-08-15T08:45:58.7566002+00:00" endTime="2026-08-15T08:45:58.7566004+00:00" testType="13cdc9d9-ddb5-4fa4-a97d-d965ccfc6d4b" outcome="Passed" testListId="8c84fa94-04c1-424b-9868-57a2d4851a1d" relativeResultsDirectory="362a2e70-58ec-483a-b0d6-41c5f7767ef3" />
    <UnitTestResult executionId="28c6dc4c-a5be-423a-9f95-bc9c0870410e" testId="0f356c44-6b98-ab61-adb3-f4cec4dab261" testName="MahmoudAI.Core.Tests.WorkspaceIsolationTests.WorkspaceManager_ShouldAllowValidWorkspacePaths" computerName="runnervmk2qs2" duration="00:00:00.0032651" startTime="2026-08-15T08:45:59.2947550+00:00" endTime="2026-08-15T08:45:59.2947552+00:00" testType="13cdc9d9-ddb5-4fa4-a97d-d965ccfc6d4b" outcome="Passed" testListId="8c84fa94-04c1-424b-9868-57a2d4851a1d" relativeResultsDirectory="28c6dc4c-a5be-423a-9f95-bc9c0870410e" />
    <UnitTestResult executionId="f3ab9e36-674c-4cab-a588-9a89d1a2ac22" testId="0a396124-fcfd-f8c2-3020-e09a9f7c62ee" testName="MahmoudAI.Core.Tests.OcrPipelineTests.OcrPipeline_RejectsNullOrFailedFrames" computerName="runnervmk2qs2" duration="00:00:00.0009474" startTime="2026-08-15T08:45:59.2639259+00:00" endTime="2026-08-15T08:45:59.2639261+00:00" testType="13cdc9d9-ddb5-4fa4-a97d-d965ccfc6d4b" outcome="Passed" testListId="8c84fa94-04c1-424b-9868-57a2d4851a1d" relativeResultsDirectory="f3ab9e36-674c-4cab-a588-9a89d1a2ac22" />
    <UnitTestResult executionId="8e225540-e304-41c9-bf53-6d3cf75eb77c" testId="92b9a565-d671-1f74-44f1-39c242d14605" testName="MahmoudAI.Core.Tests.TaskGraphEngineTests.AiProviderClient_ShouldThrowOnUnsupportedEndpoint" computerName="runnervmk2qs2" duration="00:00:00.0022945" startTime="2026-08-15T08:45:59.0498335+00:00" endTime="2026-08-15T08:45:59.0498337+00:00" testType="13cdc9d9-ddb5-4fa4-a97d-d965ccfc6d4b" outcome="Passed" testListId="8c84fa94-04c1-424b-9868-57a2d4851a1d" relativeResultsDirectory="8e225540-e304-41c9-bf53-6d3cf75eb77c" />
    <UnitTestResult executionId="05bf7e02-3a34-4436-a59e-41c43c5d29f9" testId="40dd8fb9-b523-e149-8264-5ea7140fc918" testName="MahmoudAI.Core.Tests.IntegrationBoundaryTests.McpDecorator_ShouldAlwaysRequestPluginExecution" computerName="runnervmk2qs2" duration="00:00:00.0049968" startTime="2026-08-15T08:45:59.2754406+00:00" endTime="2026-08-15T08:45:59.2754410+00:00" testType="13cdc9d9-ddb5-4fa4-a97d-d965ccfc6d4b" outcome="Passed" testListId="8c84fa94-04c1-424b-9868-57a2d4851a1d" relativeResultsDirectory="05bf7e02-3a34-4436-a59e-41c43c5d29f9" />
    <UnitTestResult executionId="f2a746ac-f2c8-4eac-9e4b-af914cb46886" testId="2954b019-2f0f-d86b-25f7-dde9a33cd4f8" testName="MahmoudAI.Core.Tests.SemanticAutomationGuardTests.QueryDeniedByCapabilityBroker_DoesNotReachSemanticBackend" computerName="runnervmk2qs2" duration="00:00:00.0045351" startTime="2026-08-15T08:45:59.3183558+00:00" endTime="2026-08-15T08:45:59.3183562+00:00" testType="13cdc9d9-ddb5-4fa4-a97d-d965ccfc6d4b" outcome="Passed" testListId="8c84fa94-04c1-424b-9868-57a2d4851a1d" relativeResultsDirectory="f2a746ac-f2c8-4eac-9e4b-af914cb46886" />
    <UnitTestResult executionId="fa56aa56-2f00-4f0b-b7d8-9e77a76cde2e" testId="f6080b4f-c406-66e6-da2f-54eb9c1b5dd6" testName="MahmoudAI.Core.Tests.TaskGraphV2Tests.Scheduler_ShouldDetectCyclesAndThrow" computerName="runnervmk2qs2" duration="00:00:00.0011023" startTime="2026-08-15T08:45:58.7009847+00:00" endTime="2026-08-15T08:45:58.7009848+00:00" testType="13cdc9d9-ddb5-4fa4-a97d-d965ccfc6d4b" outcome="Passed" testListId="8c84fa94-04c1-424b-9868-57a2d4851a1d" relativeResultsDirectory="fa56aa56-2f00-4f0b-b7d8-9e77a76cde2e" />
    <UnitTestResult executionId="7f4ddaf5-c62f-48b9-a0b0-b3d3906b75af" testId="0a11df23-d9aa-bdeb-3d6a-86b64a9df147" testName="MahmoudAI.Core.Tests.ScreenCaptureGuardTests.ApprovedCapture_ReachesBackendWithWindowScope" computerName="runnervmk2qs2" duration="00:00:00.0079433" startTime="2026-08-15T08:45:59.2840659+00:00" endTime="2026-08-15T08:45:59.2840662+00:00" testType="13cdc9d9-ddb5-4fa4-a97d-d965ccfc6d4b" outcome="Passed" testListId="8c84fa94-04c1-424b-9868-57a2d4851a1d" relativeResultsDirectory="7f4ddaf5-c62f-48b9-a0b0-b3d3906b75af" />
    <UnitTestResult executionId="5648edb0-5d16-46bb-bb8b-445b63091339" testId="fcb4cf7b-b4b8-e6bd-cbcf-6801b83108af" testName="MahmoudAI.Core.Tests.TaskGraphV2Tests.Scheduler_MaxConcurrencyShouldNeverBeExceeded" computerName="runnervmk2qs2" duration="00:00:00.1066805" startTime="2026-08-15T08:45:58.8661608+00:00" endTime="2026-08-15T08:45:58.8661611+00:00" testType="13cdc9d9-ddb5-4fa4-a97d-d965ccfc6d4b" outcome="Passed" testListId="8c84fa94-04c1-424b-9868-57a2d4851a1d" relativeResultsDirectory="5648edb0-5d16-46bb-bb8b-445b63091339" />
    <UnitTestResult executionId="8eb497fd-2ec1-4b75-ba21-f260128a3539" testId="4273bca3-596c-1ef2-5b0a-9d2d2376678c" testName="MahmoudAI.Core.Tests.ClosedLoopVerifierTests.ClosedLoopVerifier_SucceedsWhenPreActionValidAndExpectationSatisfied" computerName="runnervmk2qs2" duration="00:00:00.0020318" startTime="2026-08-15T08:45:59.2663075+00:00" endTime="2026-08-15T08:45:59.2663077+00:00" testType="13cdc9d9-ddb5-4fa4-a97d-d965ccfc6d4b" outcome="Passed" testListId="8c84fa94-04c1-424b-9868-57a2d4851a1d" relativeResultsDirectory="8eb497fd-2ec1-4b75-ba21-f260128a3539" />
    <UnitTestResult executionId="0fdfaafa-1397-42da-8190-e18c0c71dfa5" testId="990b97d8-807f-3bc1-642f-7f48549446fe" testName="MahmoudAI.Core.Tests.ScreenCaptureGuardTests.DeniedCapture_DoesNotReachBackend" computerName="runnervmk2qs2" duration="00:00:00.0008547" startTime="2026-08-15T08:45:59.2852032+00:00" endTime="2026-08-15T08:45:59.2852034+00:00" testType="13cdc9d9-ddb5-4fa4-a97d-d965ccfc6d4b" outcome="Passed" testListId="8c84fa94-04c1-424b-9868-57a2d4851a1d" relativeResultsDirectory="0fdfaafa-1397-42da-8190-e18c0c71dfa5" />
    <UnitTestResult executionId="be63287e-6b2c-475f-b199-939096f8a2b9" testId="3fc24da1-ab5c-4bc5-a1fc-1e361be8ad15" testName="MahmoudAI.Core.Tests.AdvancedEngineTests.TaskGraphEngine_ShouldHandleRetriesAndTimeouts" computerName="runnervmk2qs2" duration="00:00:06.1124968" startTime="2026-08-15T08:46:04.3193500+00:00" endTime="2026-08-15T08:46:04.3193506+00:00" testType="13cdc9d9-ddb5-4fa4-a97d-d965ccfc6d4b" outcome="Passed" testListId="8c84fa94-04c1-424b-9868-57a2d4851a1d" relativeResultsDirectory="be63287e-6b2c-475f-b199-939096f8a2b9" />
    <UnitTestResult executionId="3678f8f0-cafa-4373-8c59-f5d033a1771f" testId="9bab8e44-40bc-f205-20d8-42dc6171bd26" testName="MahmoudAI.Core.Tests.TaskGraphV2Tests.Executor_ShouldEmitCancelledDuringBackoff" computerName="runnervmk2qs2" duration="00:00:00.0031792" startTime="2026-08-15T08:45:58.7134910+00:00" endTime="2026-08-15T08:45:58.7134912+00:00" testType="13cdc9d9-ddb5-4fa4-a97d-d965ccfc6d4b" outcome="Passed" testListId="8c84fa94-04c1-424b-9868-57a2d4851a1d" relativeResultsDirectory="3678f8f0-cafa-4373-8c59-f5d033a1771f" />
    <UnitTestResult executionId="d4a3ad43-32f7-4bb5-9485-77aa1731d18b" testId="49e52ecb-5dd7-ac6a-bc94-49c83ad826e4" testName="MahmoudAI.Core.Tests.MissionEventSinkTests.BufferedSink_ShouldDrainEventsBeforeDispose" computerName="runnervmk2qs2" duration="00:00:00.0979553" startTime="2026-08-15T08:45:58.3666558+00:00" endTime="2026-08-15T08:45:58.3666562+00:00" testType="13cdc9d9-ddb5-4fa4-a97d-d965ccfc6d4b" outcome="Passed" testListId="8c84fa94-04c1-424b-9868-57a2d4851a1d" relativeResultsDirectory="d4a3ad43-32f7-4bb5-9485-77aa1731d18b" />
    <UnitTestResult executionId="4ec11466-b958-4116-8472-854365641e0a" testId="6b5b174c-dd40-8a86-4b96-fb57ebe3f023" testName="MahmoudAI.Core.Tests.ScreenPrivacyFilterTests.PublicContext_PassesFrameThroughUnmodified" computerName="runnervmk2qs2" duration="00:00:00.0047045" startTime="2026-08-15T08:45:59.2486587+00:00" endTime="2026-08-15T08:45:59.2486593+00:00" testType="13cdc9d9-ddb5-4fa4-a97d-d965ccfc6d4b" outcome="Passed" testListId="8c84fa94-04c1-424b-9868-57a2d4851a1d" relativeResultsDirectory="4ec11466-b958-4116-8472-854365641e0a" />
    <UnitTestResult executionId="6db32a55-0bdd-41b3-a74c-cf001bbd10fd" testId="fdffa128-5080-a0af-df5d-f9c26ffec9f5" testName="MahmoudAI.Core.Tests.MissionEventSinkTests.CompositeSink_ShouldDeliverToEveryChildSinkInOrder" computerName="runnervmk2qs2" duration="00:00:00.0032976" startTime="2026-08-15T08:45:58.6031720+00:00" endTime="2026-08-15T08:45:58.6031723+00:00" testType="13cdc9d9-ddb5-4fa4-a97d-d965ccfc6d4b" outcome="Passed" testListId="8c84fa94-04c1-424b-9868-57a2d4851a1d" relativeResultsDirectory="6db32a55-0bdd-41b3-a74c-cf001bbd10fd" />
    <UnitTestResult executionId="6ad7ee7d-a10b-4298-ab4a-2bfa7d3cda08" testId="5b36de80-60fb-2062-5cbd-2c07d07c940a" testName="MahmoudAI.Core.Tests.AdvancedPermissionBrokerTests.PermissionBroker_ShouldGrantAndEnforceLeases" computerName="runnervmk2qs2" duration="00:00:00.0014899" startTime="2026-08-15T08:45:59.3280047+00:00" endTime="2026-08-15T08:45:59.3280048+00:00" testType="13cdc9d9-ddb5-4fa4-a97d-d965ccfc6d4b" outcome="Passed" testListId="8c84fa94-04c1-424b-9868-57a2d4851a1d" relativeResultsDirectory="6ad7ee7d-a10b-4298-ab4a-2bfa7d3cda08" />
    <UnitTestResult executionId="a0aad4f4-1a97-48ac-9cdb-3eeb1ab8e5cc" testId="fdd468b4-fd24-19b9-3689-eacb9690aad6" testName="MahmoudAI.Core.Tests.ClosedLoopVerifierTests.ClosedLoopVerifier_RejectsStaleTicketWithoutExecutingAction" computerName="runnervmk2qs2" duration="00:00:00.0010051" startTime="2026-08-15T08:45:59.2673910+00:00" endTime="2026-08-15T08:45:59.2673913+00:00" testType="13cdc9d9-ddb5-4fa4-a97d-d965ccfc6d4b" outcome="Passed" testListId="8c84fa94-04c1-424b-9868-57a2d4851a1d" relativeResultsDirectory="a0aad4f4-1a97-48ac-9cdb-3eeb1ab8e5cc" />
    <UnitTestResult executionId="8b008062-53a6-4092-9559-2755146cbeb9" testId="922eedf5-b491-3d68-9f52-1d9d074c1656" testName="MahmoudAI.Core.Tests.ProductCompletionTests.AiProviderClient_ShouldThrowOnUnreachableEndpoint" computerName="runnervmk2qs2" duration="00:00:04.0721223" startTime="2026-08-15T08:46:02.6403085+00:00" endTime="2026-08-15T08:46:02.6403090+00:00" testType="13cdc9d9-ddb5-4fa4-a97d-d965ccfc6d4b" outcome="Passed" testListId="8c84fa94-04c1-424b-9868-57a2d4851a1d" relativeResultsDirectory="8b008062-53a6-4092-9559-2755146cbeb9" />
    <UnitTestResult executionId="b92f3010-d8af-43be-8e2d-0b9f1db4baf1" testId="24c88015-38e4-091a-2099-d924d9277743" testName="MahmoudAI.Core.Tests.AutomationLeaseTests.RevokingLease_ShouldCancelInFlightAutomation" computerName="runnervmk2qs2" duration="00:00:00.0550400" startTime="2026-08-15T08:45:58.3191397+00:00" endTime="2026-08-15T08:45:58.3191400+00:00" testType="13cdc9d9-ddb5-4fa4-a97d-d965ccfc6d4b" outcome="Passed" testListId="8c84fa94-04c1-424b-9868-57a2d4851a1d" relativeResultsDirectory="b92f3010-d8af-43be-8e2d-0b9f1db4baf1" />
    <UnitTestResult executionId="27667daa-abc9-4a90-8a59-3dc46a4e6e57" testId="3a517498-ca46-dc92-57b8-3bf4810659c1" testName="MahmoudAI.Core.Tests.ClosedLoopVerifierAdversarialTests.ClosedLoopVerifier_RejectsActionWhenTargetReplacedWithDifferentSemanticElement" computerName="runnervmk2qs2" duration="00:00:00.0185754" startTime="2026-08-15T08:45:58.2584892+00:00" endTime="2026-08-15T08:45:58.2584893+00:00" testType="13cdc9d9-ddb5-4fa4-a97d-d965ccfc6d4b" outcome="Passed" testListId="8c84fa94-04c1-424b-9868-57a2d4851a1d" relativeResultsDirectory="27667daa-abc9-4a90-8a59-3dc46a4e6e57" />
    <UnitTestResult executionId="c3767197-05e5-4ce7-a804-89a1fd0bc9ee" testId="2223ea4c-b33c-ff59-5392-08ba5ce1a15e" testName="MahmoudAI.Core.Tests.AutomationLeaseTests.RevokedToken_ShouldReachBackendBeforePotentialSideEffect" computerName="runnervmk2qs2" duration="00:00:00.0441329" startTime="2026-08-15T08:45:58.5515644+00:00" endTime="2026-08-15T08:45:58.5515651+00:00" testType="13cdc9d9-ddb5-4fa4-a97d-d965ccfc6d4b" outcome="Passed" testListId="8c84fa94-04c1-424b-9868-57a2d4851a1d" relativeResultsDirectory="c3767197-05e5-4ce7-a804-89a1fd0bc9ee" />
    <UnitTestResult executionId="1739fea5-e2e3-4fb6-bc13-e5d9d1cac9bd" testId="b7b9b68a-df04-b875-bd8f-5bf5a16e7442" testName="MahmoudAI.Core.Tests.AdvancedPermissionBrokerTests.LeaseHandle_ShouldKeepTokenSnapshotReadableAfterBrokerDisposal" computerName="runnervmk2qs2" duration="00:00:00.0009696" startTime="2026-08-15T08:45:59.3264097+00:00" endTime="2026-08-15T08:45:59.3264099+00:00" testType="13cdc9d9-ddb5-4fa4-a97d-d965ccfc6d4b" outcome="Passed" testListId="8c84fa94-04c1-424b-9868-57a2d4851a1d" relativeResultsDirectory="1739fea5-e2e3-4fb6-bc13-e5d9d1cac9bd" />
    <UnitTestResult executionId="850f3a78-2c00-442b-bc01-a3904b4c0cbc" testId="de468385-f39b-2459-97dd-e60f2fee9655" testName="MahmoudAI.Core.Tests.TaskGraphV2Tests.Scheduler_ShouldRejectInvalidConcurrency(maxConcurrency: 0)" computerName="runnervmk2qs2" duration="00:00:00.0017583" startTime="2026-08-15T08:45:58.6991626+00:00" endTime="2026-08-15T08:45:58.6991628+00:00" testType="13cdc9d9-ddb5-4fa4-a97d-d965ccfc6d4b" outcome="Passed" testListId="8c84fa94-04c1-424b-9868-57a2d4851a1d" relativeResultsDirectory="850f3a78-2c00-442b-bc01-a3904b4c0cbc" />
    <UnitTestResult executionId="b6cb1686-5d81-4bb2-a91e-4966e940277b" testId="7ca25171-fa40-e59d-4bbf-7756b60bdf78" testName="MahmoudAI.Core.Tests.ExpandedFeatureTests.ModelRouter_ShouldSelectCorrectTier" computerName="runnervmk2qs2" duration="00:00:00.0026318" startTime="2026-08-15T08:45:58.2386962+00:00" endTime="2026-08-15T08:45:58.2386964+00:00" testType="13cdc9d9-ddb5-4fa4-a97d-d965ccfc6d4b" outcome="Passed" testListId="8c84fa94-04c1-424b-9868-57a2d4851a1d" relativeResultsDirectory="b6cb1686-5d81-4bb2-a91e-4966e940277b" />
    <UnitTestResult executionId="02a9a4a4-d073-4a8a-8e01-752e4901cb97" testId="eb93d818-6bbc-9255-f74d-342d68888d97" testName="MahmoudAI.Core.Tests.ProductCompletionTests.ArtifactAndReplayStore_ShouldPersistArtifacts" computerName="runnervmk2qs2" duration="00:00:00.0499908" startTime="2026-08-15T08:46:02.6905188+00:00" endTime="2026-08-15T08:46:02.6905193+00:00" testType="13cdc9d9-ddb5-4fa4-a97d-d965ccfc6d4b" outcome="Passed" testListId="8c84fa94-04c1-424b-9868-57a2d4851a1d" relativeResultsDirectory="02a9a4a4-d073-4a8a-8e01-752e4901cb97" />
    <UnitTestResult executionId="e8d51755-5a04-4d61-bb2f-81d1b5cdbc42" testId="ed0bdef3-d103-b2ba-23e5-851fdb4d0ad5" testName="MahmoudAI.Core.Tests.ScreenFusionEngineTests.ScreenFusionEngine_HandlesCroppedAndDownscaledFramesCorrectly" computerName="runnervmk2qs2" duration="00:00:00.0005187" startTime="2026-08-15T08:45:59.2572796+00:00" endTime="2026-08-15T08:45:59.2572798+00:00" testType="13cdc9d9-ddb5-4fa4-a97d-d965ccfc6d4b" outcome="Passed" testListId="8c84fa94-04c1-424b-9868-57a2d4851a1d" relativeResultsDirectory="e8d51755-5a04-4d61-bb2f-81d1b5cdbc42" />
    <UnitTestResult executionId="3aaccf2f-b94b-496b-b7db-761ab84da0fe" testId="bbc0aabc-e125-7c7a-94ee-f0b37ad4c2e5" testName="MahmoudAI.Core.Tests.ScreenFusionEngineTests.ScreenFusionEngine_DetectsAmbiguityForDuplicateButtons" computerName="runnervmk2qs2" duration="00:00:00.0009119" startTime="2026-08-15T08:45:59.2564828+00:00" endTime="2026-08-15T08:45:59.2564831+00:00" testType="13cdc9d9-ddb5-4fa4-a97d-d965ccfc6d4b" outcome="Passed" testListId="8c84fa94-04c1-424b-9868-57a2d4851a1d" relativeResultsDirectory="3aaccf2f-b94b-496b-b7db-761ab84da0fe" />
    <UnitTestResult executionId="5f39737a-dc6a-49d7-a238-aede8f193389" testId="5cf98c7f-d25c-8dba-b78b-684392cc9852" testName="MahmoudAI.Core.Tests.ScreenCaptureGuardTests.EmergencyStop_DeniesCaptureBeforeBackend" computerName="runnervmk2qs2" duration="00:00:00.0007577" startTime="2026-08-15T08:45:59.2872169+00:00" endTime="2026-08-15T08:45:59.2872170+00:00" testType="13cdc9d9-ddb5-4fa4-a97d-d965ccfc6d4b" outcome="Passed" testListId="8c84fa94-04c1-424b-9868-57a2d4851a1d" relativeResultsDirectory="5f39737a-dc6a-49d7-a238-aede8f193389" />
    <UnitTestResult executionId="f302306d-eb18-4dba-b146-70a9ab77a3dc" testId="e11e5559-f938-d732-5712-2773c8e80b96" testName="MahmoudAI.Core.Tests.TaskGraphEngineTests.ScreenOcrService_ShouldThrowWhenPlatformNotSupported" computerName="runnervmk2qs2" duration="00:00:00.0016834" startTime="2026-08-15T08:45:59.2397647+00:00" endTime="2026-08-15T08:45:59.2397650+00:00" testType="13cdc9d9-ddb5-4fa4-a97d-d965ccfc6d4b" outcome="Passed" testListId="8c84fa94-04c1-424b-9868-57a2d4851a1d" relativeResultsDirectory="f302306d-eb18-4dba-b146-70a9ab77a3dc" />
    <UnitTestResult executionId="094090eb-cc83-494e-bb74-9673eb865311" testId="20251509-e7ce-fa39-03c8-a1fe50ee4a66" testName="MahmoudAI.Core.Tests.TaskGraphV2Tests.RetryPolicy_ShouldRejectNegativeDelaysAndNonPositiveBackoff" computerName="runnervmk2qs2" duration="00:00:00.0017340" startTime="2026-08-15T08:45:58.7584189+00:00" endTime="2026-08-15T08:45:58.7584190+00:00" testType="13cdc9d9-ddb5-4fa4-a97d-d965ccfc6d4b" outcome="Passed" testListId="8c84fa94-04c1-424b-9868-57a2d4851a1d" relativeResultsDirectory="094090eb-cc83-494e-bb74-9673eb865311" />
    <UnitTestResult executionId="1b165d94-f050-4548-b6f2-096dd525dcba" testId="81acb2eb-36aa-13bd-f943-28bc18895b56" testName="MahmoudAI.Core.Tests.AdvancedEngineTests.SqliteMissionStore_ShouldStoreMissionsAndMemory" computerName="runnervmk2qs2" duration="00:00:00.0580886" startTime="2026-08-15T08:46:04.3776451+00:00" endTime="2026-08-15T08:46:04.3776456+00:00" testType="13cdc9d9-ddb5-4fa4-a97d-d965ccfc6d4b" outcome="Passed" testListId="8c84fa94-04c1-424b-9868-57a2d4851a1d" relativeResultsDirectory="1b165d94-f050-4548-b6f2-096dd525dcba" />
    <UnitTestResult executionId="eb1d6b58-cdc5-44ee-b12d-c8c4c116ebfd" testId="297349e0-8378-0de2-1c8e-648487895aa4" testName="MahmoudAI.Core.Tests.ExpandedFeatureTests.PermissionBroker_ShouldEnforceSafetyAndEmergencyStop" computerName="runnervmk2qs2" duration="00:00:00.0222705" startTime="2026-08-15T08:45:58.2326005+00:00" endTime="2026-08-15T08:45:58.2326308+00:00" testType="13cdc9d9-ddb5-4fa4-a97d-d965ccfc6d4b" outcome="Passed" testListId="8c84fa94-04c1-424b-9868-57a2d4851a1d" relativeResultsDirectory="eb1d6b58-cdc5-44ee-b12d-c8c4c116ebfd" />
    <UnitTestResult executionId="d5385868-87e6-41ab-8c1c-9c135d40e179" testId="4e6217b4-4b60-a486-4af9-f292a18b0118" testName="MahmoudAI.Core.Tests.OcrPipelineTests.OcrPipeline_FallsBackWhenPrimaryFailsWithLanguageUnavailable" computerName="runnervmk2qs2" duration="00:00:00.0053541" startTime="2026-08-15T08:45:59.2628767+00:00" endTime="2026-08-15T08:45:59.2628770+00:00" testType="13cdc9d9-ddb5-4fa4-a97d-d965ccfc6d4b" outcome="Passed" testListId="8c84fa94-04c1-424b-9868-57a2d4851a1d" relativeResultsDirectory="d5385868-87e6-41ab-8c1c-9c135d40e179" />
    <UnitTestResult executionId="3e8b9b66-4fa7-4cbb-90a2-07e3f4b46a9b" testId="e53152f6-d384-eb29-35ee-0bd7e64cb812" testName="MahmoudAI.Core.Tests.TaskGraphV2Tests.Scheduler_ShouldRespectRetryAndTimeout" computerName="runnervmk2qs2" duration="00:00:00.0538558" startTime="2026-08-15T08:45:59.0466707+00:00" endTime="2026-08-15T08:45:59.0466710+00:00" testType="13cdc9d9-ddb5-4fa4-a97d-d965ccfc6d4b" outcome="Passed" testListId="8c84fa94-04c1-424b-9868-57a2d4851a1d" relativeResultsDirectory="3e8b9b66-4fa7-4cbb-90a2-07e3f4b46a9b" />
    <UnitTestResult executionId="d06d5665-5968-412b-a7c4-f70244384c3a" testId="1ad162b7-db76-e166-dd2c-1d21f45004ae" testName="MahmoudAI.Core.Tests.AutomationLeaseTests.EmergencyStop_ShouldCancelInFlightAutomation" computerName="runnervmk2qs2" duration="00:00:00.0099284" startTime="2026-08-15T08:45:58.5615979+00:00" endTime="2026-08-15T08:45:58.5615983+00:00" testType="13cdc9d9-ddb5-4fa4-a97d-d965ccfc6d4b" outcome="Passed" testListId="8c84fa94-04c1-424b-9868-57a2d4851a1d" relativeResultsDirectory="d06d5665-5968-412b-a7c4-f70244384c3a" />
    <UnitTestResult executionId="ab537f57-8b2a-4368-9320-917795a407a2" testId="31fb9a16-53cc-9851-5aed-575bb2ad039d" testName="MahmoudAI.Core.Tests.IntegrationBoundaryTests.AutomationDecorator_ShouldNotInvokeBackendWhenCapabilityIsDenied" computerName="runnervmk2qs2" duration="00:00:00.0009523" startTime="2026-08-15T08:45:59.2686368+00:00" endTime="2026-08-15T08:45:59.2686370+00:00" testType="13cdc9d9-ddb5-4fa4-a97d-d965ccfc6d4b" outcome="Passed" testListId="8c84fa94-04c1-424b-9868-57a2d4851a1d" relativeResultsDirectory="ab537f57-8b2a-4368-9320-917795a407a2" />
    <UnitTestResult executionId="c57bf9a2-1a71-4888-9a32-6a4fdfec7b69" testId="90e18cfc-da9f-adbe-8325-ecca0bdfd2d6" testName="MahmoudAI.Core.Tests.MissionEventSinkTests.SqliteSink_ShouldPersistAnEventIdempotently" computerName="runnervmk2qs2" duration="00:00:00.2307950" startTime="2026-08-15T08:45:58.5995004+00:00" endTime="2026-08-15T08:45:58.5995008+00:00" testType="13cdc9d9-ddb5-4fa4-a97d-d965ccfc6d4b" outcome="Passed" testListId="8c84fa94-04c1-424b-9868-57a2d4851a1d" relativeResultsDirectory="c57bf9a2-1a71-4888-9a32-6a4fdfec7b69" />
    <UnitTestResult executionId="b37272af-0bc9-48f1-9d2c-4a6170e88b00" testId="66b089d2-d73d-bc21-e515-3d0b31f7c832" testName="MahmoudAI.Core.Tests.ScreenFusionEngineTests.ScreenFusionEngine_MatchesTargetWhenUiaAndOcrAgree" computerName="runnervmk2qs2" duration="00:00:00.0020176" startTime="2026-08-15T08:45:59.2551523+00:00" endTime="2026-08-15T08:45:59.2551526+00:00" testType="13cdc9d9-ddb5-4fa4-a97d-d965ccfc6d4b" outcome="Passed" testListId="8c84fa94-04c1-424b-9868-57a2d4851a1d" relativeResultsDirectory="b37272af-0bc9-48f1-9d2c-4a6170e88b00" />
    <UnitTestResult executionId="01183304-53ed-4cf4-881f-078fda236914" testId="f6840ccf-ceb1-7122-a11e-a80a7387a165" testName="MahmoudAI.Core.Tests.AutomationLeaseTests.LeaseExpiry_ShouldCancelInFlightAutomation" computerName="runnervmk2qs2" duration="00:00:00.1198846" startTime="2026-08-15T08:45:58.4536058+00:00" endTime="2026-08-15T08:45:58.4536062+00:00" testType="13cdc9d9-ddb5-4fa4-a97d-d965ccfc6d4b" outcome="Passed" testListId="8c84fa94-04c1-424b-9868-57a2d4851a1d" relativeResultsDirectory="01183304-53ed-4cf4-881f-078fda236914" />
    <UnitTestResult executionId="a2f62ec6-59a6-4c92-86f1-2426f361e0ec" testId="13cfdb7a-2482-e124-354f-8e9b53f947c9" testName="MahmoudAI.Core.Tests.TaskGraphEngineTests.ExecuteGraphAsync_ShouldDetectCycles" computerName="runnervmk2qs2" duration="00:00:00.0006556" startTime="2026-08-15T08:45:59.0505794+00:00" endTime="2026-08-15T08:45:59.0505796+00:00" testType="13cdc9d9-ddb5-4fa4-a97d-d965ccfc6d4b" outcome="Passed" testListId="8c84fa94-04c1-424b-9868-57a2d4851a1d" relativeResultsDirectory="a2f62ec6-59a6-4c92-86f1-2426f361e0ec" />
    <UnitTestResult executionId="1d99c396-1657-4700-bfe8-bfd970d19710" testId="88ed71d3-328a-92cb-c3d1-c8c8408da3fe" testName="MahmoudAI.Core.Tests.AdvancedRuntimeTests.ExperienceLearningEngine_ShouldRecommendBestStrategy" computerName="runnervmk2qs2" duration="00:00:00.0011411" startTime="2026-08-15T08:45:59.2979298+00:00" endTime="2026-08-15T08:45:59.2979300+00:00" testType="13cdc9d9-ddb5-4fa4-a97d-d965ccfc6d4b" outcome="Passed" testListId="8c84fa94-04c1-424b-9868-57a2d4851a1d" relativeResultsDirectory="1d99c396-1657-4700-bfe8-bfd970d19710" />
    <UnitTestResult executionId="ba4ca478-0a93-43fa-bc2c-6674ba78e05e" testId="4601f59c-df60-90c9-8eb0-f7a2cf2fdf47" testName="MahmoudAI.Core.Tests.CoordinateTransformTests.FrameCoordinateTransform_MapsOutputToAbsoluteDesktopAccurately" computerName="runnervmk2qs2" duration="00:00:00.0033947" startTime="2026-08-15T08:45:59.2910538+00:00" endTime="2026-08-15T08:45:59.2910542+00:00" testType="13cdc9d9-ddb5-4fa4-a97d-d965ccfc6d4b" outcome="Passed" testListId="8c84fa94-04c1-424b-9868-57a2d4851a1d" relativeResultsDirectory="ba4ca478-0a93-43fa-bc2c-6674ba78e05e" />
    <UnitTestResult executionId="e6e731e3-2aca-4ad8-8b5a-e5ed3b5160b2" testId="ac4911d6-e09b-c151-60b4-cdfabbcda981" testName="MahmoudAI.Core.Tests.TaskGraphEngineTests.ExecuteGraphAsync_ShouldRespectDependencies" computerName="runnervmk2qs2" duration="00:00:00.1755670" startTime="2026-08-15T08:45:59.2339691+00:00" endTime="2026-08-15T08:45:59.2339697+00:00" testType="13cdc9d9-ddb5-4fa4-a97d-d965ccfc6d4b" outcome="Passed" testListId="8c84fa94-04c1-424b-9868-57a2d4851a1d" relativeResultsDirectory="e6e731e3-2aca-4ad8-8b5a-e5ed3b5160b2" />
    <UnitTestResult executionId="7f4804ee-979e-4511-952e-1a2ed108a822" testId="e6405a22-b5ca-787e-93c1-5353e04e0a51" testName="MahmoudAI.Core.Tests.ScreenPrivacyFilterTests.RestrictedContext_ClearsPixelBuffer" computerName="runnervmk2qs2" duration="00:00:00.0008324" startTime="2026-08-15T08:45:59.2495852+00:00" endTime="2026-08-15T08:45:59.2495855+00:00" testType="13cdc9d9-ddb5-4fa4-a97d-d965ccfc6d4b" outcome="Passed" testListId="8c84fa94-04c1-424b-9868-57a2d4851a1d" relativeResultsDirectory="7f4804ee-979e-4511-952e-1a2ed108a822" />
    <UnitTestResult executionId="b4b26f62-c614-4358-b181-b256b6fcabc4" testId="19b08f73-6378-f701-d4a1-c8fa19471662" testName="MahmoudAI.Core.Tests.ClosedLoopVerifierAdversarialTests.ClosedLoopVerifier_RejectsActionWhenTargetWindowClosesOrChangesProcess" computerName="runnervmk2qs2" duration="00:00:00.0022376" startTime="2026-08-15T08:45:58.2945518+00:00" endTime="2026-08-15T08:45:58.2945520+00:00" testType="13cdc9d9-ddb5-4fa4-a97d-d965ccfc6d4b" outcome="Passed" testListId="8c84fa94-04c1-424b-9868-57a2d4851a1d" relativeResultsDirectory="b4b26f62-c614-4358-b181-b256b6fcabc4" />
    <UnitTestResult executionId="a068aa7a-fc31-42b4-9499-9b384af1e50a" testId="d0471417-4109-bae8-4148-66f3b63783bc" testName="MahmoudAI.Core.Tests.TaskGraphEngineTests.DefaultVoiceAdapter_ShouldThrowWhenUnconfigured" computerName="runnervmk2qs2" duration="00:00:00.0024453" startTime="2026-08-15T08:45:59.2379687+00:00" endTime="2026-08-15T08:45:59.2379690+00:00" testType="13cdc9d9-ddb5-4fa4-a97d-d965ccfc6d4b" outcome="Passed" testListId="8c84fa94-04c1-424b-9868-57a2d4851a1d" relativeResultsDirectory="a068aa7a-fc31-42b4-9499-9b384af1e50a" />
    <UnitTestResult executionId="2b45664a-b63a-4b4d-8ba6-102d745c0c11" testId="027916de-ec85-15e9-0f3e-97088bd22eaa" testName="MahmoudAI.Core.Tests.ScreenCaptureGuardTests.CancelledCapture_ReturnsCancelledWithoutReachingBackend" computerName="runnervmk2qs2" duration="00:00:00.0008480" startTime="2026-08-15T08:45:59.2862553+00:00" endTime="2026-08-15T08:45:59.2862555+00:00" testType="13cdc9d9-ddb5-4fa4-a97d-d965ccfc6d4b" outcome="Passed" testListId="8c84fa94-04c1-424b-9868-57a2d4851a1d" relativeResultsDirectory="2b45664a-b63a-4b4d-8ba6-102d745c0c11" />
    <UnitTestResult executionId="3cba251b-750d-4a41-87bc-4562107b78a8" testId="c2c9dea8-2856-9248-2c33-52fc10e47ca4" testName="MahmoudAI.Core.Tests.TaskGraphV2Tests.Scheduler_ShouldRejectInvalidConcurrency(maxConcurrency: -1)" computerName="runnervmk2qs2" duration="00:00:00.0005408" startTime="2026-08-15T08:45:58.6998119+00:00" endTime="2026-08-15T08:45:58.6998121+00:00" testType="13cdc9d9-ddb5-4fa4-a97d-d965ccfc6d4b" outcome="Passed" testListId="8c84fa94-04c1-424b-9868-57a2d4851a1d" relativeResultsDirectory="3cba251b-750d-4a41-87bc-4562107b78a8" />
    <UnitTestResult executionId="199520ef-9613-4948-adc3-bc8112957c2e" testId="8ee80d41-9bbb-8514-37db-cd444ba0bf0a" testName="MahmoudAI.Core.Tests.ExpandedFeatureTests.WindowsAutomationEngine_ShouldBlockUnsafeGamingInputs" computerName="runnervmk2qs2" duration="00:00:00.0039899" startTime="2026-08-15T08:45:58.2373282+00:00" endTime="2026-08-15T08:45:58.2373283+00:00" testType="13cdc9d9-ddb5-4fa4-a97d-d965ccfc6d4b" outcome="Passed" testListId="8c84fa94-04c1-424b-9868-57a2d4851a1d" relativeResultsDirectory="199520ef-9613-4948-adc3-bc8112957c2e" />
    <UnitTestResult executionId="20591703-25d2-4c85-8c9f-f75a63c83aa4" testId="7fd132f4-9a3a-94c1-f17d-885e85f89037" testName="MahmoudAI.Core.Tests.TaskGraphV2Tests.Scheduler_ShouldWaitForAllRunningWorkersOnCancellation" computerName="runnervmk2qs2" duration="00:00:00.0416648" startTime="2026-08-15T08:45:58.7557264+00:00" endTime="2026-08-15T08:45:58.7557267+00:00" testType="13cdc9d9-ddb5-4fa4-a97d-d965ccfc6d4b" outcome="Passed" testListId="8c84fa94-04c1-424b-9868-57a2d4851a1d" relativeResultsDirectory="20591703-25d2-4c85-8c9f-f75a63c83aa4" />
    <UnitTestResult executionId="10dc8d5f-4a42-40d5-947d-bbbcbb4d7dab" testId="c172d018-1314-fb4b-ac06-afb564fa5a5e" testName="MahmoudAI.Core.Tests.TaskGraphV2Tests.Scheduler_ShouldPropagateDependencyFailureAsSkipped_AndEmitSkipped" computerName="runnervmk2qs2" duration="00:00:00.0016963" startTime="2026-08-15T08:45:58.7084988+00:00" endTime="2026-08-15T08:45:58.7084990+00:00" testType="13cdc9d9-ddb5-4fa4-a97d-d965ccfc6d4b" outcome="Passed" testListId="8c84fa94-04c1-424b-9868-57a2d4851a1d" relativeResultsDirectory="10dc8d5f-4a42-40d5-947d-bbbcbb4d7dab" />
    <UnitTestResult executionId="6869e3ac-d6db-4733-9fc7-689c23cc5263" testId="f4dc7fac-75a0-7038-c28e-f93ee13e311b" testName="MahmoudAI.Core.Tests.IntegrationBoundaryTests.ManifestPolicy_ShouldRejectUnknownToolIdentity" computerName="runnervmk2qs2" duration="00:00:00.0002955" startTime="2026-08-15T08:45:59.2762548+00:00" endTime="2026-08-15T08:45:59.2762548+00:00" testType="13cdc9d9-ddb5-4fa4-a97d-d965ccfc6d4b" outcome="Passed" testListId="8c84fa94-04c1-424b-9868-57a2d4851a1d" relativeResultsDirectory="6869e3ac-d6db-4733-9fc7-689c23cc5263" />
    <UnitTestResult executionId="bfa9e924-b0d4-4fc3-8269-ad94f606eb6a" testId="118c242c-b0f7-6c57-b647-772f481709c9" testName="MahmoudAI.Core.Tests.TaskGraphV2Tests.Executor_DurationShouldIncludeAllAttemptsAndBackoff" computerName="runnervmk2qs2" duration="00:00:00.1208650" startTime="2026-08-15T08:45:58.9921924+00:00" endTime="2026-08-15T08:45:58.9921929+00:00" testType="13cdc9d9-ddb5-4fa4-a97d-d965ccfc6d4b" outcome="Passed" testListId="8c84fa94-04c1-424b-9868-57a2d4851a1d" relativeResultsDirectory="bfa9e924-b0d4-4fc3-8269-ad94f606eb6a" />
    <UnitTestResult executionId="75158045-6abf-44e1-a5b2-29e053033d31" testId="0dbabbbe-41ef-7726-db7c-f09291a52e7e" testName="MahmoudAI.Core.Tests.SemanticAutomationGuardTests.ApprovedSetValue_ReachesSemanticBackendWithCancellationBoundary" computerName="runnervmk2qs2" duration="00:00:00.0076800" startTime="2026-08-15T08:45:59.3136881+00:00" endTime="2026-08-15T08:45:59.3136883+00:00" testType="13cdc9d9-ddb5-4fa4-a97d-d965ccfc6d4b" outcome="Passed" testListId="8c84fa94-04c1-424b-9868-57a2d4851a1d" relativeResultsDirectory="75158045-6abf-44e1-a5b2-29e053033d31" />
    <UnitTestResult executionId="a4465de7-4e6f-4afa-8595-2a8cf9647527" testId="4e7d869b-a67c-1680-2e5f-5abb5b92e688" testName="MahmoudAI.Core.Tests.ExpandedFeatureTests.PersonaStateMachine_ShouldTransitionStates" computerName="runnervmk2qs2" duration="00:00:00.0014143" startTime="2026-08-15T08:45:58.2401813+00:00" endTime="2026-08-15T08:45:58.2401814+00:00" testType="13cdc9d9-ddb5-4fa4-a97d-d965ccfc6d4b" outcome="Passed" testListId="8c84fa94-04c1-424b-9868-57a2d4851a1d" relativeResultsDirectory="a4465de7-4e6f-4afa-8595-2a8cf9647527" />
    <UnitTestResult executionId="25fda0ef-b6a0-4190-9a36-2c64254c35f3" testId="6e917027-be33-dd89-ef15-cada56f6e8e5" testName="MahmoudAI.Core.Tests.MassiveUpgradeTests.MissionTelemetryManager_ShouldLogAndRetrieveEvents" computerName="runnervmk2qs2" duration="00:00:00.0222031" startTime="2026-08-15T08:45:58.2368455+00:00" endTime="2026-08-15T08:45:58.2368456+00:00" testType="13cdc9d9-ddb5-4fa4-a97d-d965ccfc6d4b" outcome="Passed" testListId="8c84fa94-04c1-424b-9868-57a2d4851a1d" relativeResultsDirectory="25fda0ef-b6a0-4190-9a36-2c64254c35f3" />
    <UnitTestResult executionId="380b4533-8466-4596-b23e-f83b32e40600" testId="72eb759f-948f-0d06-31ed-76ef9538e6cf" testName="MahmoudAI.Core.Tests.AdvancedRuntimeTests.MissionRecoveryEngine_ShouldSaveAndLoadCheckpoints" computerName="runnervmk2qs2" duration="00:00:00.0039962" startTime="2026-08-15T08:45:59.3020093+00:00" endTime="2026-08-15T08:45:59.3020095+00:00" testType="13cdc9d9-ddb5-4fa4-a97d-d965ccfc6d4b" outcome="Passed" testListId="8c84fa94-04c1-424b-9868-57a2d4851a1d" relativeResultsDirectory="380b4533-8466-4596-b23e-f83b32e40600" />
    <UnitTestResult executionId="fd33a1ae-19f6-412e-9625-e08f9de8eac1" testId="19f8975d-e3af-b751-83ae-524081e86d31" testName="MahmoudAI.Core.Tests.ScreenFusionPairwiseTests.ScreenFusionEngine_SeparatesUiaAndOcrProvenanceAndRestrictsCorroboration" computerName="runnervmk2qs2" duration="00:00:00.0034480" startTime="2026-08-15T08:45:59.3057129+00:00" endTime="2026-08-15T08:45:59.3057130+00:00" testType="13cdc9d9-ddb5-4fa4-a97d-d965ccfc6d4b" outcome="Passed" testListId="8c84fa94-04c1-424b-9868-57a2d4851a1d" relativeResultsDirectory="fd33a1ae-19f6-412e-9625-e08f9de8eac1" />
    <UnitTestResult executionId="737a34bc-67ac-4a87-9376-00c45a0e3f78" testId="4a5acac3-21fb-e195-e2f4-45c55ac4ec53" testName="MahmoudAI.Core.Tests.IntegrationBoundaryTests.AutomationDecorator_ShouldAuthorizeBeforeInvokingBackend" computerName="runnervmk2qs2" duration="00:00:00.0009160" startTime="2026-08-15T08:45:59.2703320+00:00" endTime="2026-08-15T08:45:59.2703321+00:00" testType="13cdc9d9-ddb5-4fa4-a97d-d965ccfc6d4b" outcome="Passed" testListId="8c84fa94-04c1-424b-9868-57a2d4851a1d" relativeResultsDirectory="737a34bc-67ac-4a87-9376-00c45a0e3f78" />
    <UnitTestResult executionId="00aacaf1-cf8a-4aed-9377-f093d1405182" testId="14fe74b9-a214-e712-6df5-801d6548ed5a" testName="MahmoudAI.Core.Tests.ScreenFusionEngineTests.ScreenFusionEngine_RejectsStaleObservations" computerName="runnervmk2qs2" duration="00:00:00.0031691" startTime="2026-08-15T08:45:59.2530433+00:00" endTime="2026-08-15T08:45:59.2530435+00:00" testType="13cdc9d9-ddb5-4fa4-a97d-d965ccfc6d4b" outcome="Passed" testListId="8c84fa94-04c1-424b-9868-57a2d4851a1d" relativeResultsDirectory="00aacaf1-cf8a-4aed-9377-f093d1405182" />
    <UnitTestResult executionId="fe3ed8a8-afd3-47f1-af34-aef1128d2bf1" testId="faf240fe-5596-4814-60d6-82735e3a35bc" testName="MahmoudAI.Core.Tests.TaskGraphEngineTests.McpClient_ShouldRegisterAndProvideTools" computerName="runnervmk2qs2" duration="00:00:00.0035918" startTime="2026-08-15T08:45:59.2434578+00:00" endTime="2026-08-15T08:45:59.2434581+00:00" testType="13cdc9d9-ddb5-4fa4-a97d-d965ccfc6d4b" outcome="Passed" testListId="8c84fa94-04c1-424b-9868-57a2d4851a1d" relativeResultsDirectory="fe3ed8a8-afd3-47f1-af34-aef1128d2bf1" />
    <UnitTestResult executionId="ca255ae1-56a5-45ac-a192-a5b8bb39d66f" testId="58ae39cb-4511-6eca-f691-8bebaa107ddc" testName="MahmoudAI.Core.Tests.MassiveUpgradeTests.ModelBenchmarkCenter_ShouldBenchmarkModel" computerName="runnervmk2qs2" duration="00:00:04.2915497" startTime="2026-08-15T08:46:02.5268182+00:00" endTime="2026-08-15T08:46:02.5268187+00:00" testType="13cdc9d9-ddb5-4fa4-a97d-d965ccfc6d4b" outcome="Passed" testListId="8c84fa94-04c1-424b-9868-57a2d4851a1d" relativeResultsDirectory="ca255ae1-56a5-45ac-a192-a5b8bb39d66f" />
    <UnitTestResult executionId="e701ba2d-a115-4552-aa68-49b81975adbb" testId="a5eca213-d08e-a2fe-c8eb-33330886669b" testName="MahmoudAI.Core.Tests.TaskGraphV2Tests.Scheduler_Cancellation_ShouldReturnResultForEveryTask" computerName="runnervmk2qs2" duration="00:00:00.0052592" startTime="2026-08-15T08:45:58.7066895+00:00" endTime="2026-08-15T08:45:58.7066896+00:00" testType="13cdc9d9-ddb5-4fa4-a97d-d965ccfc6d4b" outcome="Passed" testListId="8c84fa94-04c1-424b-9868-57a2d4851a1d" relativeResultsDirectory="e701ba2d-a115-4552-aa68-49b81975adbb" />
    <UnitTestResult executionId="72f47665-91b0-4e5a-90be-cbfc346a1862" testId="938b90c6-38c7-71eb-5e54-83ee1581f1e0" testName="MahmoudAI.Core.Tests.ProductCompletionTests.ScreenOcrService_ShouldThrowWhenPlatformNotSupported" computerName="runnervmk2qs2" duration="00:00:00.0021584" startTime="2026-08-15T08:45:58.5675844+00:00" endTime="2026-08-15T08:45:58.5675846+00:00" testType="13cdc9d9-ddb5-4fa4-a97d-d965ccfc6d4b" outcome="Passed" testListId="8c84fa94-04c1-424b-9868-57a2d4851a1d" relativeResultsDirectory="72f47665-91b0-4e5a-90be-cbfc346a1862" />
    <UnitTestResult executionId="f885fff7-fee6-4142-a1fa-2409d5dd9869" testId="4e2ee614-5b96-533d-8fdd-208d94f3ceb3" testName="MahmoudAI.Core.Tests.TaskGraphV2Tests.Scheduler_ShouldExecuteIndependentTasksInParallel_AndRespectDependencies" computerName="runnervmk2qs2" duration="00:00:00.0888838" startTime="2026-08-15T08:45:58.6972892+00:00" endTime="2026-08-15T08:45:58.6972895+00:00" testType="13cdc9d9-ddb5-4fa4-a97d-d965ccfc6d4b" outcome="Passed" testListId="8c84fa94-04c1-424b-9868-57a2d4851a1d" relativeResultsDirectory="f885fff7-fee6-4142-a1fa-2409d5dd9869" />
    <UnitTestResult executionId="0e2c202a-bbf5-45c9-83d8-a746607a7c2d" testId="771535cf-7393-ced6-f577-8e2a530e07d0" testName="MahmoudAI.Core.Tests.ScreenFusionEngineTests.ScreenFusionEngine_RejectsProcessMismatch" computerName="runnervmk2qs2" duration="00:00:00.0002972" startTime="2026-08-15T08:45:59.2554903+00:00" endTime="2026-08-15T08:45:59.2554905+00:00" testType="13cdc9d9-ddb5-4fa4-a97d-d965ccfc6d4b" outcome="Passed" testListId="8c84fa94-04c1-424b-9868-57a2d4851a1d" relativeResultsDirectory="0e2c202a-bbf5-45c9-83d8-a746607a7c2d" />
    <UnitTestResult executionId="8d10186c-cb13-47d0-876f-0fad1a83ef83" testId="4c6f8937-2ad1-a338-3a64-4453bc0a543c" testName="MahmoudAI.Core.Tests.WorkspaceIsolationTests.WorkspaceManager_ShouldBlockPathTraversal" computerName="runnervmk2qs2" duration="00:00:00.0016713" startTime="2026-08-15T08:45:59.2965585+00:00" endTime="2026-08-15T08:45:59.2965587+00:00" testType="13cdc9d9-ddb5-4fa4-a97d-d965ccfc6d4b" outcome="Passed" testListId="8c84fa94-04c1-424b-9868-57a2d4851a1d" relativeResultsDirectory="8d10186c-cb13-47d0-876f-0fad1a83ef83" />
  </Results>
  <TestDefinitions>
    <UnitTest name="MahmoudAI.Core.Tests.ClosedLoopVerifierTests.ClosedLoopVerifier_SucceedsWhenPreActionValidAndExpectationSatisfied" storage="d:\a\mahmoud-ai-desktop-official\mahmoud-ai-desktop-official\tests\mahmoudai.core.tests\bin\release\net8.0\mahmoudai.core.tests.dll" id="4273bca3-596c-1ef2-5b0a-9d2d2376678c">
      <Execution id="8eb497fd-2ec1-4b75-ba21-f260128a3539" />
      <TestMethod codeBase="D:\a\mahmoud-ai-desktop-official\mahmoud-ai-desktop-official\tests\MahmoudAI.Core.Tests\bin\Release\net8.0\MahmoudAI.Core.Tests.dll" adapterTypeName="executor://xunit/VsTestRunner2/netcoreapp" className="MahmoudAI.Core.Tests.ClosedLoopVerifierTests" name="ClosedLoopVerifier_SucceedsWhenPreActionValidAndExpectationSatisfied" />
    </UnitTest>
    <UnitTest name="MahmoudAI.Core.Tests.ScreenFusionEngineTests.ScreenFusionEngine_HandlesCroppedAndDownscaledFramesCorrectly" storage="d:\a\mahmoud-ai-desktop-official\mahmoud-ai-desktop-official\tests\mahmoudai.core.tests\bin\release\net8.0\mahmoudai.core.tests.dll" id="ed0bdef3-d103-b2ba-23e5-851fdb4d0ad5">
      <Execution id="e8d51755-5a04-4d61-bb2f-81d1b5cdbc42" />
      <TestMethod codeBase="D:\a\mahmoud-ai-desktop-official\mahmoud-ai-desktop-official\tests\MahmoudAI.Core.Tests\bin\Release\net8.0\MahmoudAI.Core.Tests.dll" adapterTypeName="executor://xunit/VsTestRunner2/netcoreapp" className="MahmoudAI.Core.Tests.ScreenFusionEngineTests" name="ScreenFusionEngine_HandlesCroppedAndDownscaledFramesCorrectly" />
    </UnitTest>
    <UnitTest name="MahmoudAI.Core.Tests.TaskGraphV2Tests.Scheduler_MaxConcurrencyShouldNeverBeExceeded" storage="d:\a\mahmoud-ai-desktop-official\mahmoud-ai-desktop-official\tests\mahmoudai.core.tests\bin\release\net8.0\mahmoudai.core.tests.dll" id="fcb4cf7b-b4b8-e6bd-cbcf-6801b83108af">
      <Execution id="5648edb0-5d16-46bb-bb8b-445b63091339" />
      <TestMethod codeBase="D:\a\mahmoud-ai-desktop-official\mahmoud-ai-desktop-official\tests\MahmoudAI.Core.Tests\bin\Release\net8.0\MahmoudAI.Core.Tests.dll" adapterTypeName="executor://xunit/VsTestRunner2/netcoreapp" className="MahmoudAI.Core.Tests.TaskGraphV2Tests" name="Scheduler_MaxConcurrencyShouldNeverBeExceeded" />
    </UnitTest>
    <UnitTest name="MahmoudAI.Core.Tests.ExpandedFeatureTests.ModelRouter_ShouldSelectCorrectTier" storage="d:\a\mahmoud-ai-desktop-official\mahmoud-ai-desktop-official\tests\mahmoudai.core.tests\bin\release\net8.0\mahmoudai.core.tests.dll" id="7ca25171-fa40-e59d-4bbf-7756b60bdf78">
      <Execution id="b6cb1686-5d81-4bb2-a91e-4966e940277b" />
      <TestMethod codeBase="D:\a\mahmoud-ai-desktop-official\mahmoud-ai-desktop-official\tests\MahmoudAI.Core.Tests\bin\Release\net8.0\MahmoudAI.Core.Tests.dll" adapterTypeName="executor://xunit/VsTestRunner2/netcoreapp" className="MahmoudAI.Core.Tests.ExpandedFeatureTests" name="ModelRouter_ShouldSelectCorrectTier" />
    </UnitTest>
    <UnitTest name="MahmoudAI.Core.Tests.ClosedLoopVerifierTests.ClosedLoopVerifier_RejectsStaleTicketWithoutExecutingAction" storage="d:\a\mahmoud-ai-desktop-official\mahmoud-ai-desktop-official\tests\mahmoudai.core.tests\bin\release\net8.0\mahmoudai.core.tests.dll" id="fdd468b4-fd24-19b9-3689-eacb9690aad6">
      <Execution id="a0aad4f4-1a97-48ac-9cdb-3eeb1ab8e5cc" />
      <TestMethod codeBase="D:\a\mahmoud-ai-desktop-official\mahmoud-ai-desktop-official\tests\MahmoudAI.Core.Tests\bin\Release\net8.0\MahmoudAI.Core.Tests.dll" adapterTypeName="executor://xunit/VsTestRunner2/netcoreapp" className="MahmoudAI.Core.Tests.ClosedLoopVerifierTests" name="ClosedLoopVerifier_RejectsStaleTicketWithoutExecutingAction" />
    </UnitTest>
    <UnitTest name="MahmoudAI.Core.Tests.AutomationLeaseTests.LeaseExpiry_ShouldCancelInFlightAutomation" storage="d:\a\mahmoud-ai-desktop-official\mahmoud-ai-desktop-official\tests\mahmoudai.core.tests\bin\release\net8.0\mahmoudai.core.tests.dll" id="f6840ccf-ceb1-7122-a11e-a80a7387a165">
      <Execution id="01183304-53ed-4cf4-881f-078fda236914" />
      <TestMethod codeBase="D:\a\mahmoud-ai-desktop-official\mahmoud-ai-desktop-official\tests\MahmoudAI.Core.Tests\bin\Release\net8.0\MahmoudAI.Core.Tests.dll" adapterTypeName="executor://xunit/VsTestRunner2/netcoreapp" className="MahmoudAI.Core.Tests.AutomationLeaseTests" name="LeaseExpiry_ShouldCancelInFlightAutomation" />
    </UnitTest>
    <UnitTest name="MahmoudAI.Core.Tests.TaskGraphV2Tests.Executor_DurationShouldIncludeAllAttemptsAndBackoff" storage="d:\a\mahmoud-ai-desktop-official\mahmoud-ai-desktop-official\tests\mahmoudai.core.tests\bin\release\net8.0\mahmoudai.core.tests.dll" id="118c242c-b0f7-6c57-b647-772f481709c9">
      <Execution id="bfa9e924-b0d4-4fc3-8269-ad94f606eb6a" />
      <TestMethod codeBase="D:\a\mahmoud-ai-desktop-official\mahmoud-ai-desktop-official\tests\MahmoudAI.Core.Tests\bin\Release\net8.0\MahmoudAI.Core.Tests.dll" adapterTypeName="executor://xunit/VsTestRunner2/netcoreapp" className="MahmoudAI.Core.Tests.TaskGraphV2Tests" name="Executor_DurationShouldIncludeAllAttemptsAndBackoff" />
    </UnitTest>
    <UnitTest name="MahmoudAI.Core.Tests.TaskGraphEngineTests.DefaultVoiceAdapter_ShouldThrowWhenUnconfigured" storage="d:\a\mahmoud-ai-desktop-official\mahmoud-ai-desktop-official\tests\mahmoudai.core.tests\bin\release\net8.0\mahmoudai.core.tests.dll" id="d0471417-4109-bae8-4148-66f3b63783bc">
      <Execution id="a068aa7a-fc31-42b4-9499-9b384af1e50a" />
      <TestMethod codeBase="D:\a\mahmoud-ai-desktop-official\mahmoud-ai-desktop-official\tests\MahmoudAI.Core.Tests\bin\Release\net8.0\MahmoudAI.Core.Tests.dll" adapterTypeName="executor://xunit/VsTestRunner2/netcoreapp" className="MahmoudAI.Core.Tests.TaskGraphEngineTests" name="DefaultVoiceAdapter_ShouldThrowWhenUnconfigured" />
    </UnitTest>
    <UnitTest name="MahmoudAI.Core.Tests.TaskGraphV2Tests.Scheduler_ShouldWaitForAllRunningWorkersOnCancellation" storage="d:\a\mahmoud-ai-desktop-official\mahmoud-ai-desktop-official\tests\mahmoudai.core.tests\bin\release\net8.0\mahmoudai.core.tests.dll" id="7fd132f4-9a3a-94c1-f17d-885e85f89037">
      <Execution id="20591703-25d2-4c85-8c9f-f75a63c83aa4" />
      <TestMethod codeBase="D:\a\mahmoud-ai-desktop-official\mahmoud-ai-desktop-official\tests\MahmoudAI.Core.Tests\bin\Release\net8.0\MahmoudAI.Core.Tests.dll" adapterTypeName="executor://xunit/VsTestRunner2/netcoreapp" className="MahmoudAI.Core.Tests.TaskGraphV2Tests" name="Scheduler_ShouldWaitForAllRunningWorkersOnCancellation" />
    </UnitTest>
    <UnitTest name="MahmoudAI.Core.Tests.TaskGraphV2Tests.Scheduler_ShouldRespectRetryAndTimeout" storage="d:\a\mahmoud-ai-desktop-official\mahmoud-ai-desktop-official\tests\mahmoudai.core.tests\bin\release\net8.0\mahmoudai.core.tests.dll" id="e53152f6-d384-eb29-35ee-0bd7e64cb812">
      <Execution id="3e8b9b66-4fa7-4cbb-90a2-07e3f4b46a9b" />
      <TestMethod codeBase="D:\a\mahmoud-ai-desktop-official\mahmoud-ai-desktop-official\tests\MahmoudAI.Core.Tests\bin\Release\net8.0\MahmoudAI.Core.Tests.dll" adapterTypeName="executor://xunit/VsTestRunner2/netcoreapp" className="MahmoudAI.Core.Tests.TaskGraphV2Tests" name="Scheduler_ShouldRespectRetryAndTimeout" />
    </UnitTest>
    <UnitTest name="MahmoudAI.Core.Tests.IntegrationBoundaryTests.AutomationDecorator_ShouldAuthorizeBeforeInvokingBackend" storage="d:\a\mahmoud-ai-desktop-official\mahmoud-ai-desktop-official\tests\mahmoudai.core.tests\bin\release\net8.0\mahmoudai.core.tests.dll" id="4a5acac3-21fb-e195-e2f4-45c55ac4ec53">
      <Execution id="737a34bc-67ac-4a87-9376-00c45a0e3f78" />
      <TestMethod codeBase="D:\a\mahmoud-ai-desktop-official\mahmoud-ai-desktop-official\tests\MahmoudAI.Core.Tests\bin\Release\net8.0\MahmoudAI.Core.Tests.dll" adapterTypeName="executor://xunit/VsTestRunner2/netcoreapp" className="MahmoudAI.Core.Tests.IntegrationBoundaryTests" name="AutomationDecorator_ShouldAuthorizeBeforeInvokingBackend" />
    </UnitTest>
    <UnitTest name="MahmoudAI.Core.Tests.TaskGraphV2Tests.RetryPolicy_ShouldRejectZeroMaxAttempts" storage="d:\a\mahmoud-ai-desktop-official\mahmoud-ai-desktop-official\tests\mahmoudai.core.tests\bin\release\net8.0\mahmoudai.core.tests.dll" id="a4905071-c0d1-cf1e-df99-7e942db2a4d1">
      <Execution id="0aa4702a-11d1-4dc0-9f1e-920884c0b9f2" />
      <TestMethod codeBase="D:\a\mahmoud-ai-desktop-official\mahmoud-ai-desktop-official\tests\MahmoudAI.Core.Tests\bin\Release\net8.0\MahmoudAI.Core.Tests.dll" adapterTypeName="executor://xunit/VsTestRunner2/netcoreapp" className="MahmoudAI.Core.Tests.TaskGraphV2Tests" name="RetryPolicy_ShouldRejectZeroMaxAttempts" />
    </UnitTest>
    <UnitTest name="MahmoudAI.Core.Tests.IntegrationBoundaryTests.ManifestPolicy_ShouldRejectUnknownToolIdentity" storage="d:\a\mahmoud-ai-desktop-official\mahmoud-ai-desktop-official\tests\mahmoudai.core.tests\bin\release\net8.0\mahmoudai.core.tests.dll" id="f4dc7fac-75a0-7038-c28e-f93ee13e311b">
      <Execution id="6869e3ac-d6db-4733-9fc7-689c23cc5263" />
      <TestMethod codeBase="D:\a\mahmoud-ai-desktop-official\mahmoud-ai-desktop-official\tests\MahmoudAI.Core.Tests\bin\Release\net8.0\MahmoudAI.Core.Tests.dll" adapterTypeName="executor://xunit/VsTestRunner2/netcoreapp" className="MahmoudAI.Core.Tests.IntegrationBoundaryTests" name="ManifestPolicy_ShouldRejectUnknownToolIdentity" />
    </UnitTest>
    <UnitTest name="MahmoudAI.Core.Tests.TaskGraphV2Tests.Scheduler_ShouldDetectCyclesAndThrow" storage="d:\a\mahmoud-ai-desktop-official\mahmoud-ai-desktop-official\tests\mahmoudai.core.tests\bin\release\net8.0\mahmoudai.core.tests.dll" id="f6080b4f-c406-66e6-da2f-54eb9c1b5dd6">
      <Execution id="fa56aa56-2f00-4f0b-b7d8-9e77a76cde2e" />
      <TestMethod codeBase="D:\a\mahmoud-ai-desktop-official\mahmoud-ai-desktop-official\tests\MahmoudAI.Core.Tests\bin\Release\net8.0\MahmoudAI.Core.Tests.dll" adapterTypeName="executor://xunit/VsTestRunner2/netcoreapp" className="MahmoudAI.Core.Tests.TaskGraphV2Tests" name="Scheduler_ShouldDetectCyclesAndThrow" />
    </UnitTest>
    <UnitTest name="MahmoudAI.Core.Tests.ScreenCaptureGuardTests.ApprovedCapture_ReachesBackendWithWindowScope" storage="d:\a\mahmoud-ai-desktop-official\mahmoud-ai-desktop-official\tests\mahmoudai.core.tests\bin\release\net8.0\mahmoudai.core.tests.dll" id="0a11df23-d9aa-bdeb-3d6a-86b64a9df147">
      <Execution id="7f4ddaf5-c62f-48b9-a0b0-b3d3906b75af" />
      <TestMethod codeBase="D:\a\mahmoud-ai-desktop-official\mahmoud-ai-desktop-official\tests\MahmoudAI.Core.Tests\bin\Release\net8.0\MahmoudAI.Core.Tests.dll" adapterTypeName="executor://xunit/VsTestRunner2/netcoreapp" className="MahmoudAI.Core.Tests.ScreenCaptureGuardTests" name="ApprovedCapture_ReachesBackendWithWindowScope" />
    </UnitTest>
    <UnitTest name="MahmoudAI.Core.Tests.ScreenFusionEngineTests.ScreenFusionEngine_RejectsStaleObservations" storage="d:\a\mahmoud-ai-desktop-official\mahmoud-ai-desktop-official\tests\mahmoudai.core.tests\bin\release\net8.0\mahmoudai.core.tests.dll" id="14fe74b9-a214-e712-6df5-801d6548ed5a">
      <Execution id="00aacaf1-cf8a-4aed-9377-f093d1405182" />
      <TestMethod codeBase="D:\a\mahmoud-ai-desktop-official\mahmoud-ai-desktop-official\tests\MahmoudAI.Core.Tests\bin\Release\net8.0\MahmoudAI.Core.Tests.dll" adapterTypeName="executor://xunit/VsTestRunner2/netcoreapp" className="MahmoudAI.Core.Tests.ScreenFusionEngineTests" name="ScreenFusionEngine_RejectsStaleObservations" />
    </UnitTest>
    <UnitTest name="MahmoudAI.Core.Tests.ClosedLoopVerifierAdversarialTests.ClosedLoopVerifier_RejectsActionWhenTargetWindowClosesOrChangesProcess" storage="d:\a\mahmoud-ai-desktop-official\mahmoud-ai-desktop-official\tests\mahmoudai.core.tests\bin\release\net8.0\mahmoudai.core.tests.dll" id="19b08f73-6378-f701-d4a1-c8fa19471662">
      <Execution id="b4b26f62-c614-4358-b181-b256b6fcabc4" />
      <TestMethod codeBase="D:\a\mahmoud-ai-desktop-official\mahmoud-ai-desktop-official\tests\MahmoudAI.Core.Tests\bin\Release\net8.0\MahmoudAI.Core.Tests.dll" adapterTypeName="executor://xunit/VsTestRunner2/netcoreapp" className="MahmoudAI.Core.Tests.ClosedLoopVerifierAdversarialTests" name="ClosedLoopVerifier_RejectsActionWhenTargetWindowClosesOrChangesProcess" />
    </UnitTest>
    <UnitTest name="MahmoudAI.Core.Tests.MissionEventSinkTests.SqliteSink_ShouldPersistAnEventIdempotently" storage="d:\a\mahmoud-ai-desktop-official\mahmoud-ai-desktop-official\tests\mahmoudai.core.tests\bin\release\net8.0\mahmoudai.core.tests.dll" id="90e18cfc-da9f-adbe-8325-ecca0bdfd2d6">
      <Execution id="c57bf9a2-1a71-4888-9a32-6a4fdfec7b69" />
      <TestMethod codeBase="D:\a\mahmoud-ai-desktop-official\mahmoud-ai-desktop-official\tests\MahmoudAI.Core.Tests\bin\Release\net8.0\MahmoudAI.Core.Tests.dll" adapterTypeName="executor://xunit/VsTestRunner2/netcoreapp" className="MahmoudAI.Core.Tests.MissionEventSinkTests" name="SqliteSink_ShouldPersistAnEventIdempotently" />
    </UnitTest>
    <UnitTest name="MahmoudAI.Core.Tests.ExpandedFeatureTests.PersonaStateMachine_ShouldTransitionStates" storage="d:\a\mahmoud-ai-desktop-official\mahmoud-ai-desktop-official\tests\mahmoudai.core.tests\bin\release\net8.0\mahmoudai.core.tests.dll" id="4e7d869b-a67c-1680-2e5f-5abb5b92e688">
      <Execution id="a4465de7-4e6f-4afa-8595-2a8cf9647527" />
      <TestMethod codeBase="D:\a\mahmoud-ai-desktop-official\mahmoud-ai-desktop-official\tests\MahmoudAI.Core.Tests\bin\Release\net8.0\MahmoudAI.Core.Tests.dll" adapterTypeName="executor://xunit/VsTestRunner2/netcoreapp" className="MahmoudAI.Core.Tests.ExpandedFeatureTests" name="PersonaStateMachine_ShouldTransitionStates" />
    </UnitTest>
    <UnitTest name="MahmoudAI.Core.Tests.TaskGraphEngineTests.ExecuteGraphAsync_ShouldRespectDependencies" storage="d:\a\mahmoud-ai-desktop-official\mahmoud-ai-desktop-official\tests\mahmoudai.core.tests\bin\release\net8.0\mahmoudai.core.tests.dll" id="ac4911d6-e09b-c151-60b4-cdfabbcda981">
      <Execution id="e6e731e3-2aca-4ad8-8b5a-e5ed3b5160b2" />
      <TestMethod codeBase="D:\a\mahmoud-ai-desktop-official\mahmoud-ai-desktop-official\tests\MahmoudAI.Core.Tests\bin\Release\net8.0\MahmoudAI.Core.Tests.dll" adapterTypeName="executor://xunit/VsTestRunner2/netcoreapp" className="MahmoudAI.Core.Tests.TaskGraphEngineTests" name="ExecuteGraphAsync_ShouldRespectDependencies" />
    </UnitTest>
    <UnitTest name="MahmoudAI.Core.Tests.AdvancedPermissionBrokerTests.PermissionBroker_ShouldGrantAndEnforceLeases" storage="d:\a\mahmoud-ai-desktop-official\mahmoud-ai-desktop-official\tests\mahmoudai.core.tests\bin\release\net8.0\mahmoudai.core.tests.dll" id="5b36de80-60fb-2062-5cbd-2c07d07c940a">
      <Execution id="6ad7ee7d-a10b-4298-ab4a-2bfa7d3cda08" />
      <TestMethod codeBase="D:\a\mahmoud-ai-desktop-official\mahmoud-ai-desktop-official\tests\MahmoudAI.Core.Tests\bin\Release\net8.0\MahmoudAI.Core.Tests.dll" adapterTypeName="executor://xunit/VsTestRunner2/netcoreapp" className="MahmoudAI.Core.Tests.AdvancedPermissionBrokerTests" name="PermissionBroker_ShouldGrantAndEnforceLeases" />
    </UnitTest>
    <UnitTest name="MahmoudAI.Core.Tests.IntegrationBoundaryTests.McpDecorator_ShouldAlwaysRequestPluginExecution" storage="d:\a\mahmoud-ai-desktop-official\mahmoud-ai-desktop-official\tests\mahmoudai.core.tests\bin\release\net8.0\mahmoudai.core.tests.dll" id="40dd8fb9-b523-e149-8264-5ea7140fc918">
      <Execution id="05bf7e02-3a34-4436-a59e-41c43c5d29f9" />
      <TestMethod codeBase="D:\a\mahmoud-ai-desktop-official\mahmoud-ai-desktop-official\tests\MahmoudAI.Core.Tests\bin\Release\net8.0\MahmoudAI.Core.Tests.dll" adapterTypeName="executor://xunit/VsTestRunner2/netcoreapp" className="MahmoudAI.Core.Tests.IntegrationBoundaryTests" name="McpDecorator_ShouldAlwaysRequestPluginExecution" />
    </UnitTest>
    <UnitTest name="MahmoudAI.Core.Tests.AutomationLeaseTests.RevokingLease_ShouldCancelInFlightAutomation" storage="d:\a\mahmoud-ai-desktop-official\mahmoud-ai-desktop-official\tests\mahmoudai.core.tests\bin\release\net8.0\mahmoudai.core.tests.dll" id="24c88015-38e4-091a-2099-d924d9277743">
      <Execution id="b92f3010-d8af-43be-8e2d-0b9f1db4baf1" />
      <TestMethod codeBase="D:\a\mahmoud-ai-desktop-official\mahmoud-ai-desktop-official\tests\MahmoudAI.Core.Tests\bin\Release\net8.0\MahmoudAI.Core.Tests.dll" adapterTypeName="executor://xunit/VsTestRunner2/netcoreapp" className="MahmoudAI.Core.Tests.AutomationLeaseTests" name="RevokingLease_ShouldCancelInFlightAutomation" />
    </UnitTest>
    <UnitTest name="MahmoudAI.Core.Tests.ClosedLoopVerifierAdversarialTests.ClosedLoopVerifier_RejectsActionWhenTargetReplacedWithDifferentSemanticElement" storage="d:\a\mahmoud-ai-desktop-official\mahmoud-ai-desktop-official\tests\mahmoudai.core.tests\bin\release\net8.0\mahmoudai.core.tests.dll" id="3a517498-ca46-dc92-57b8-3bf4810659c1">
      <Execution id="27667daa-abc9-4a90-8a59-3dc46a4e6e57" />
      <TestMethod codeBase="D:\a\mahmoud-ai-desktop-official\mahmoud-ai-desktop-official\tests\MahmoudAI.Core.Tests\bin\Release\net8.0\MahmoudAI.Core.Tests.dll" adapterTypeName="executor://xunit/VsTestRunner2/netcoreapp" className="MahmoudAI.Core.Tests.ClosedLoopVerifierAdversarialTests" name="ClosedLoopVerifier_RejectsActionWhenTargetReplacedWithDifferentSemanticElement" />
    </UnitTest>
    <UnitTest name="MahmoudAI.Core.Tests.TaskGraphV2Tests.Scheduler_ShouldRejectInvalidConcurrency(maxConcurrency: -1)" storage="d:\a\mahmoud-ai-desktop-official\mahmoud-ai-desktop-official\tests\mahmoudai.core.tests\bin\release\net8.0\mahmoudai.core.tests.dll" id="c2c9dea8-2856-9248-2c33-52fc10e47ca4">
      <Execution id="3cba251b-750d-4a41-87bc-4562107b78a8" />
      <TestMethod codeBase="D:\a\mahmoud-ai-desktop-official\mahmoud-ai-desktop-official\tests\MahmoudAI.Core.Tests\bin\Release\net8.0\MahmoudAI.Core.Tests.dll" adapterTypeName="executor://xunit/VsTestRunner2/netcoreapp" className="MahmoudAI.Core.Tests.TaskGraphV2Tests" name="Scheduler_ShouldRejectInvalidConcurrency" />
    </UnitTest>
    <UnitTest name="MahmoudAI.Core.Tests.TaskGraphV2Tests.Executor_ShouldEmitCancelledDuringBackoff" storage="d:\a\mahmoud-ai-desktop-official\mahmoud-ai-desktop-official\tests\mahmoudai.core.tests\bin\release\net8.0\mahmoudai.core.tests.dll" id="9bab8e44-40bc-f205-20d8-42dc6171bd26">
      <Execution id="3678f8f0-cafa-4373-8c59-f5d033a1771f" />
      <TestMethod codeBase="D:\a\mahmoud-ai-desktop-official\mahmoud-ai-desktop-official\tests\MahmoudAI.Core.Tests\bin\Release\net8.0\MahmoudAI.Core.Tests.dll" adapterTypeName="executor://xunit/VsTestRunner2/netcoreapp" className="MahmoudAI.Core.Tests.TaskGraphV2Tests" name="Executor_ShouldEmitCancelledDuringBackoff" />
    </UnitTest>
    <UnitTest name="MahmoudAI.Core.Tests.ScreenFusionEngineTests.ScreenFusionEngine_RejectsProcessMismatch" storage="d:\a\mahmoud-ai-desktop-official\mahmoud-ai-desktop-official\tests\mahmoudai.core.tests\bin\release\net8.0\mahmoudai.core.tests.dll" id="771535cf-7393-ced6-f577-8e2a530e07d0">
      <Execution id="0e2c202a-bbf5-45c9-83d8-a746607a7c2d" />
      <TestMethod codeBase="D:\a\mahmoud-ai-desktop-official\mahmoud-ai-desktop-official\tests\MahmoudAI.Core.Tests\bin\Release\net8.0\MahmoudAI.Core.Tests.dll" adapterTypeName="executor://xunit/VsTestRunner2/netcoreapp" className="MahmoudAI.Core.Tests.ScreenFusionEngineTests" name="ScreenFusionEngine_RejectsProcessMismatch" />
    </UnitTest>
    <UnitTest name="MahmoudAI.Core.Tests.ProductCompletionTests.AiProviderClient_ShouldThrowOnUnreachableEndpoint" storage="d:\a\mahmoud-ai-desktop-official\mahmoud-ai-desktop-official\tests\mahmoudai.core.tests\bin\release\net8.0\mahmoudai.core.tests.dll" id="922eedf5-b491-3d68-9f52-1d9d074c1656">
      <Execution id="8b008062-53a6-4092-9559-2755146cbeb9" />
      <TestMethod codeBase="D:\a\mahmoud-ai-desktop-official\mahmoud-ai-desktop-official\tests\MahmoudAI.Core.Tests\bin\Release\net8.0\MahmoudAI.Core.Tests.dll" adapterTypeName="executor://xunit/VsTestRunner2/netcoreapp" className="MahmoudAI.Core.Tests.ProductCompletionTests" name="AiProviderClient_ShouldThrowOnUnreachableEndpoint" />
    </UnitTest>
    <UnitTest name="MahmoudAI.Core.Tests.AdvancedRuntimeTests.ExperienceLearningEngine_ShouldRecommendBestStrategy" storage="d:\a\mahmoud-ai-desktop-official\mahmoud-ai-desktop-official\tests\mahmoudai.core.tests\bin\release\net8.0\mahmoudai.core.tests.dll" id="88ed71d3-328a-92cb-c3d1-c8c8408da3fe">
      <Execution id="1d99c396-1657-4700-bfe8-bfd970d19710" />
      <TestMethod codeBase="D:\a\mahmoud-ai-desktop-official\mahmoud-ai-desktop-official\tests\MahmoudAI.Core.Tests\bin\Release\net8.0\MahmoudAI.Core.Tests.dll" adapterTypeName="executor://xunit/VsTestRunner2/netcoreapp" className="MahmoudAI.Core.Tests.AdvancedRuntimeTests" name="ExperienceLearningEngine_ShouldRecommendBestStrategy" />
    </UnitTest>
    <UnitTest name="MahmoudAI.Core.Tests.CoordinateTransformTests.FrameCoordinateTransform_MapsOutputToAbsoluteDesktopAccurately" storage="d:\a\mahmoud-ai-desktop-official\mahmoud-ai-desktop-official\tests\mahmoudai.core.tests\bin\release\net8.0\mahmoudai.core.tests.dll" id="4601f59c-df60-90c9-8eb0-f7a2cf2fdf47">
      <Execution id="ba4ca478-0a93-43fa-bc2c-6674ba78e05e" />
      <TestMethod codeBase="D:\a\mahmoud-ai-desktop-official\mahmoud-ai-desktop-official\tests\MahmoudAI.Core.Tests\bin\Release\net8.0\MahmoudAI.Core.Tests.dll" adapterTypeName="executor://xunit/VsTestRunner2/netcoreapp" className="MahmoudAI.Core.Tests.CoordinateTransformTests" name="FrameCoordinateTransform_MapsOutputToAbsoluteDesktopAccurately" />
    </UnitTest>
    <UnitTest name="MahmoudAI.Core.Tests.SemanticAutomationGuardTests.QueryDeniedByCapabilityBroker_DoesNotReachSemanticBackend" storage="d:\a\mahmoud-ai-desktop-official\mahmoud-ai-desktop-official\tests\mahmoudai.core.tests\bin\release\net8.0\mahmoudai.core.tests.dll" id="2954b019-2f0f-d86b-25f7-dde9a33cd4f8">
      <Execution id="f2a746ac-f2c8-4eac-9e4b-af914cb46886" />
      <TestMethod codeBase="D:\a\mahmoud-ai-desktop-official\mahmoud-ai-desktop-official\tests\MahmoudAI.Core.Tests\bin\Release\net8.0\MahmoudAI.Core.Tests.dll" adapterTypeName="executor://xunit/VsTestRunner2/netcoreapp" className="MahmoudAI.Core.Tests.SemanticAutomationGuardTests" name="QueryDeniedByCapabilityBroker_DoesNotReachSemanticBackend" />
    </UnitTest>
    <UnitTest name="MahmoudAI.Core.Tests.MissionEventSinkTests.CompositeSink_ShouldDeliverToEveryChildSinkInOrder" storage="d:\a\mahmoud-ai-desktop-official\mahmoud-ai-desktop-official\tests\mahmoudai.core.tests\bin\release\net8.0\mahmoudai.core.tests.dll" id="fdffa128-5080-a0af-df5d-f9c26ffec9f5">
      <Execution id="6db32a55-0bdd-41b3-a74c-cf001bbd10fd" />
      <TestMethod codeBase="D:\a\mahmoud-ai-desktop-official\mahmoud-ai-desktop-official\tests\MahmoudAI.Core.Tests\bin\Release\net8.0\MahmoudAI.Core.Tests.dll" adapterTypeName="executor://xunit/VsTestRunner2/netcoreapp" className="MahmoudAI.Core.Tests.MissionEventSinkTests" name="CompositeSink_ShouldDeliverToEveryChildSinkInOrder" />
    </UnitTest>
    <UnitTest name="MahmoudAI.Core.Tests.TaskGraphEngineTests.ScreenOcrService_ShouldThrowWhenPlatformNotSupported" storage="d:\a\mahmoud-ai-desktop-official\mahmoud-ai-desktop-official\tests\mahmoudai.core.tests\bin\release\net8.0\mahmoudai.core.tests.dll" id="e11e5559-f938-d732-5712-2773c8e80b96">
      <Execution id="f302306d-eb18-4dba-b146-70a9ab77a3dc" />
      <TestMethod codeBase="D:\a\mahmoud-ai-desktop-official\mahmoud-ai-desktop-official\tests\MahmoudAI.Core.Tests\bin\Release\net8.0\MahmoudAI.Core.Tests.dll" adapterTypeName="executor://xunit/VsTestRunner2/netcoreapp" className="MahmoudAI.Core.Tests.TaskGraphEngineTests" name="ScreenOcrService_ShouldThrowWhenPlatformNotSupported" />
    </UnitTest>
    <UnitTest name="MahmoudAI.Core.Tests.IntegrationBoundaryTests.RiskPolicy_ShouldBlockPhysicalInputForGameContext" storage="d:\a\mahmoud-ai-desktop-official\mahmoud-ai-desktop-official\tests\mahmoudai.core.tests\bin\release\net8.0\mahmoudai.core.tests.dll" id="753d19b9-474d-6156-05b3-19f7634cafaf">
      <Execution id="803092bb-bc4d-4932-9140-a04a76b961db" />
      <TestMethod codeBase="D:\a\mahmoud-ai-desktop-official\mahmoud-ai-desktop-official\tests\MahmoudAI.Core.Tests\bin\Release\net8.0\MahmoudAI.Core.Tests.dll" adapterTypeName="executor://xunit/VsTestRunner2/netcoreapp" className="MahmoudAI.Core.Tests.IntegrationBoundaryTests" name="RiskPolicy_ShouldBlockPhysicalInputForGameContext" />
    </UnitTest>
    <UnitTest name="MahmoudAI.Core.Tests.ScreenFusionPairwiseTests.ScreenFusionEngine_SeparatesUiaAndOcrProvenanceAndRestrictsCorroboration" storage="d:\a\mahmoud-ai-desktop-official\mahmoud-ai-desktop-official\tests\mahmoudai.core.tests\bin\release\net8.0\mahmoudai.core.tests.dll" id="19f8975d-e3af-b751-83ae-524081e86d31">
      <Execution id="fd33a1ae-19f6-412e-9625-e08f9de8eac1" />
      <TestMethod codeBase="D:\a\mahmoud-ai-desktop-official\mahmoud-ai-desktop-official\tests\MahmoudAI.Core.Tests\bin\Release\net8.0\MahmoudAI.Core.Tests.dll" adapterTypeName="executor://xunit/VsTestRunner2/netcoreapp" className="MahmoudAI.Core.Tests.ScreenFusionPairwiseTests" name="ScreenFusionEngine_SeparatesUiaAndOcrProvenanceAndRestrictsCorroboration" />
    </UnitTest>
    <UnitTest name="MahmoudAI.Core.Tests.TaskGraphV2Tests.Scheduler_ShouldRejectInvalidConcurrency(maxConcurrency: 0)" storage="d:\a\mahmoud-ai-desktop-official\mahmoud-ai-desktop-official\tests\mahmoudai.core.tests\bin\release\net8.0\mahmoudai.core.tests.dll" id="de468385-f39b-2459-97dd-e60f2fee9655">
      <Execution id="850f3a78-2c00-442b-bc01-a3904b4c0cbc" />
      <TestMethod codeBase="D:\a\mahmoud-ai-desktop-official\mahmoud-ai-desktop-official\tests\MahmoudAI.Core.Tests\bin\Release\net8.0\MahmoudAI.Core.Tests.dll" adapterTypeName="executor://xunit/VsTestRunner2/netcoreapp" className="MahmoudAI.Core.Tests.TaskGraphV2Tests" name="Scheduler_ShouldRejectInvalidConcurrency" />
    </UnitTest>
    <UnitTest name="MahmoudAI.Core.Tests.ExpandedFeatureTests.WindowsAutomationEngine_ShouldBlockUnsafeGamingInputs" storage="d:\a\mahmoud-ai-desktop-official\mahmoud-ai-desktop-official\tests\mahmoudai.core.tests\bin\release\net8.0\mahmoudai.core.tests.dll" id="8ee80d41-9bbb-8514-37db-cd444ba0bf0a">
      <Execution id="199520ef-9613-4948-adc3-bc8112957c2e" />
      <TestMethod codeBase="D:\a\mahmoud-ai-desktop-official\mahmoud-ai-desktop-official\tests\MahmoudAI.Core.Tests\bin\Release\net8.0\MahmoudAI.Core.Tests.dll" adapterTypeName="executor://xunit/VsTestRunner2/netcoreapp" className="MahmoudAI.Core.Tests.ExpandedFeatureTests" name="WindowsAutomationEngine_ShouldBlockUnsafeGamingInputs" />
    </UnitTest>
    <UnitTest name="MahmoudAI.Core.Tests.AutomationLeaseTests.EmergencyStop_ShouldCancelInFlightAutomation" storage="d:\a\mahmoud-ai-desktop-official\mahmoud-ai-desktop-official\tests\mahmoudai.core.tests\bin\release\net8.0\mahmoudai.core.tests.dll" id="1ad162b7-db76-e166-dd2c-1d21f45004ae">
      <Execution id="d06d5665-5968-412b-a7c4-f70244384c3a" />
      <TestMethod codeBase="D:\a\mahmoud-ai-desktop-official\mahmoud-ai-desktop-official\tests\MahmoudAI.Core.Tests\bin\Release\net8.0\MahmoudAI.Core.Tests.dll" adapterTypeName="executor://xunit/VsTestRunner2/netcoreapp" className="MahmoudAI.Core.Tests.AutomationLeaseTests" name="EmergencyStop_ShouldCancelInFlightAutomation" />
    </UnitTest>
    <UnitTest name="MahmoudAI.Core.Tests.ScreenFusionEngineTests.ScreenFusionEngine_MatchesTargetWhenUiaAndOcrAgree" storage="d:\a\mahmoud-ai-desktop-official\mahmoud-ai-desktop-official\tests\mahmoudai.core.tests\bin\release\net8.0\mahmoudai.core.tests.dll" id="66b089d2-d73d-bc21-e515-3d0b31f7c832">
      <Execution id="b37272af-0bc9-48f1-9d2c-4a6170e88b00" />
      <TestMethod codeBase="D:\a\mahmoud-ai-desktop-official\mahmoud-ai-desktop-official\tests\MahmoudAI.Core.Tests\bin\Release\net8.0\MahmoudAI.Core.Tests.dll" adapterTypeName="executor://xunit/VsTestRunner2/netcoreapp" className="MahmoudAI.Core.Tests.ScreenFusionEngineTests" name="ScreenFusionEngine_MatchesTargetWhenUiaAndOcrAgree" />
    </UnitTest>
    <UnitTest name="MahmoudAI.Core.Tests.TaskGraphV2Tests.Scheduler_Cancellation_ShouldReturnResultForEveryTask" storage="d:\a\mahmoud-ai-desktop-official\mahmoud-ai-desktop-official\tests\mahmoudai.core.tests\bin\release\net8.0\mahmoudai.core.tests.dll" id="a5eca213-d08e-a2fe-c8eb-33330886669b">
      <Execution id="e701ba2d-a115-4552-aa68-49b81975adbb" />
      <TestMethod codeBase="D:\a\mahmoud-ai-desktop-official\mahmoud-ai-desktop-official\tests\MahmoudAI.Core.Tests\bin\Release\net8.0\MahmoudAI.Core.Tests.dll" adapterTypeName="executor://xunit/VsTestRunner2/netcoreapp" className="MahmoudAI.Core.Tests.TaskGraphV2Tests" name="Scheduler_Cancellation_ShouldReturnResultForEveryTask" />
    </UnitTest>
    <UnitTest name="MahmoudAI.Core.Tests.TaskGraphV2Tests.Scheduler_ShouldReportStalledCorrectly_WhenInjectedExecutorViolatesTaskIdentity" storage="d:\a\mahmoud-ai-desktop-official\mahmoud-ai-desktop-official\tests\mahmoudai.core.tests\bin\release\net8.0\mahmoudai.core.tests.dll" id="575714b7-cafc-555b-75ee-65b2d7d0bcef">
      <Execution id="362a2e70-58ec-483a-b0d6-41c5f7767ef3" />
      <TestMethod codeBase="D:\a\mahmoud-ai-desktop-official\mahmoud-ai-desktop-official\tests\MahmoudAI.Core.Tests\bin\Release\net8.0\MahmoudAI.Core.Tests.dll" adapterTypeName="executor://xunit/VsTestRunner2/netcoreapp" className="MahmoudAI.Core.Tests.TaskGraphV2Tests" name="Scheduler_ShouldReportStalledCorrectly_WhenInjectedExecutorViolatesTaskIdentity" />
    </UnitTest>
    <UnitTest name="MahmoudAI.Core.Tests.IntegrationBoundaryTests.AutomationDecorator_ShouldNotInvokeBackendWhenCapabilityIsDenied" storage="d:\a\mahmoud-ai-desktop-official\mahmoud-ai-desktop-official\tests\mahmoudai.core.tests\bin\release\net8.0\mahmoudai.core.tests.dll" id="31fb9a16-53cc-9851-5aed-575bb2ad039d">
      <Execution id="ab537f57-8b2a-4368-9320-917795a407a2" />
      <TestMethod codeBase="D:\a\mahmoud-ai-desktop-official\mahmoud-ai-desktop-official\tests\MahmoudAI.Core.Tests\bin\Release\net8.0\MahmoudAI.Core.Tests.dll" adapterTypeName="executor://xunit/VsTestRunner2/netcoreapp" className="MahmoudAI.Core.Tests.IntegrationBoundaryTests" name="AutomationDecorator_ShouldNotInvokeBackendWhenCapabilityIsDenied" />
    </UnitTest>
    <UnitTest name="MahmoudAI.Core.Tests.AdvancedPermissionBrokerTests.LeaseHandle_ShouldKeepTokenSnapshotReadableAfterBrokerDisposal" storage="d:\a\mahmoud-ai-desktop-official\mahmoud-ai-desktop-official\tests\mahmoudai.core.tests\bin\release\net8.0\mahmoudai.core.tests.dll" id="b7b9b68a-df04-b875-bd8f-5bf5a16e7442">
      <Execution id="1739fea5-e2e3-4fb6-bc13-e5d9d1cac9bd" />
      <TestMethod codeBase="D:\a\mahmoud-ai-desktop-official\mahmoud-ai-desktop-official\tests\MahmoudAI.Core.Tests\bin\Release\net8.0\MahmoudAI.Core.Tests.dll" adapterTypeName="executor://xunit/VsTestRunner2/netcoreapp" className="MahmoudAI.Core.Tests.AdvancedPermissionBrokerTests" name="LeaseHandle_ShouldKeepTokenSnapshotReadableAfterBrokerDisposal" />
    </UnitTest>
    <UnitTest name="MahmoudAI.Core.Tests.ProductCompletionTests.ScreenOcrService_ShouldThrowWhenPlatformNotSupported" storage="d:\a\mahmoud-ai-desktop-official\mahmoud-ai-desktop-official\tests\mahmoudai.core.tests\bin\release\net8.0\mahmoudai.core.tests.dll" id="938b90c6-38c7-71eb-5e54-83ee1581f1e0">
      <Execution id="72f47665-91b0-4e5a-90be-cbfc346a1862" />
      <TestMethod codeBase="D:\a\mahmoud-ai-desktop-official\mahmoud-ai-desktop-official\tests\MahmoudAI.Core.Tests\bin\Release\net8.0\MahmoudAI.Core.Tests.dll" adapterTypeName="executor://xunit/VsTestRunner2/netcoreapp" className="MahmoudAI.Core.Tests.ProductCompletionTests" name="ScreenOcrService_ShouldThrowWhenPlatformNotSupported" />
    </UnitTest>
    <UnitTest name="MahmoudAI.Core.Tests.TaskGraphEngineTests.AiProviderClient_ShouldThrowOnUnsupportedEndpoint" storage="d:\a\mahmoud-ai-desktop-official\mahmoud-ai-desktop-official\tests\mahmoudai.core.tests\bin\release\net8.0\mahmoudai.core.tests.dll" id="92b9a565-d671-1f74-44f1-39c242d14605">
      <Execution id="8e225540-e304-41c9-bf53-6d3cf75eb77c" />
      <TestMethod codeBase="D:\a\mahmoud-ai-desktop-official\mahmoud-ai-desktop-official\tests\MahmoudAI.Core.Tests\bin\Release\net8.0\MahmoudAI.Core.Tests.dll" adapterTypeName="executor://xunit/VsTestRunner2/netcoreapp" className="MahmoudAI.Core.Tests.TaskGraphEngineTests" name="AiProviderClient_ShouldThrowOnUnsupportedEndpoint" />
    </UnitTest>
    <UnitTest name="MahmoudAI.Core.Tests.ScreenCaptureGuardTests.CancelledCapture_ReturnsCancelledWithoutReachingBackend" storage="d:\a\mahmoud-ai-desktop-official\mahmoud-ai-desktop-official\tests\mahmoudai.core.tests\bin\release\net8.0\mahmoudai.core.tests.dll" id="027916de-ec85-15e9-0f3e-97088bd22eaa">
      <Execution id="2b45664a-b63a-4b4d-8ba6-102d745c0c11" />
      <TestMethod codeBase="D:\a\mahmoud-ai-desktop-official\mahmoud-ai-desktop-official\tests\MahmoudAI.Core.Tests\bin\Release\net8.0\MahmoudAI.Core.Tests.dll" adapterTypeName="executor://xunit/VsTestRunner2/netcoreapp" className="MahmoudAI.Core.Tests.ScreenCaptureGuardTests" name="CancelledCapture_ReturnsCancelledWithoutReachingBackend" />
    </UnitTest>
    <UnitTest name="MahmoudAI.Core.Tests.ProductCompletionTests.ArtifactAndReplayStore_ShouldPersistArtifacts" storage="d:\a\mahmoud-ai-desktop-official\mahmoud-ai-desktop-official\tests\mahmoudai.core.tests\bin\release\net8.0\mahmoudai.core.tests.dll" id="eb93d818-6bbc-9255-f74d-342d68888d97">
      <Execution id="02a9a4a4-d073-4a8a-8e01-752e4901cb97" />
      <TestMethod codeBase="D:\a\mahmoud-ai-desktop-official\mahmoud-ai-desktop-official\tests\MahmoudAI.Core.Tests\bin\Release\net8.0\MahmoudAI.Core.Tests.dll" adapterTypeName="executor://xunit/VsTestRunner2/netcoreapp" className="MahmoudAI.Core.Tests.ProductCompletionTests" name="ArtifactAndReplayStore_ShouldPersistArtifacts" />
    </UnitTest>
    <UnitTest name="MahmoudAI.Core.Tests.OcrPipelineTests.OcrPipeline_FallsBackWhenPrimaryFailsWithLanguageUnavailable" storage="d:\a\mahmoud-ai-desktop-official\mahmoud-ai-desktop-official\tests\mahmoudai.core.tests\bin\release\net8.0\mahmoudai.core.tests.dll" id="4e6217b4-4b60-a486-4af9-f292a18b0118">
      <Execution id="d5385868-87e6-41ab-8c1c-9c135d40e179" />
      <TestMethod codeBase="D:\a\mahmoud-ai-desktop-official\mahmoud-ai-desktop-official\tests\MahmoudAI.Core.Tests\bin\Release\net8.0\MahmoudAI.Core.Tests.dll" adapterTypeName="executor://xunit/VsTestRunner2/netcoreapp" className="MahmoudAI.Core.Tests.OcrPipelineTests" name="OcrPipeline_FallsBackWhenPrimaryFailsWithLanguageUnavailable" />
    </UnitTest>
    <UnitTest name="MahmoudAI.Core.Tests.WorkspaceIsolationTests.WorkspaceManager_ShouldBlockPathTraversal" storage="d:\a\mahmoud-ai-desktop-official\mahmoud-ai-desktop-official\tests\mahmoudai.core.tests\bin\release\net8.0\mahmoudai.core.tests.dll" id="4c6f8937-2ad1-a338-3a64-4453bc0a543c">
      <Execution id="8d10186c-cb13-47d0-876f-0fad1a83ef83" />
      <TestMethod codeBase="D:\a\mahmoud-ai-desktop-official\mahmoud-ai-desktop-official\tests\MahmoudAI.Core.Tests\bin\Release\net8.0\MahmoudAI.Core.Tests.dll" adapterTypeName="executor://xunit/VsTestRunner2/netcoreapp" className="MahmoudAI.Core.Tests.WorkspaceIsolationTests" name="WorkspaceManager_ShouldBlockPathTraversal" />
    </UnitTest>
    <UnitTest name="MahmoudAI.Core.Tests.ScreenPrivacyFilterTests.RestrictedContext_ClearsPixelBuffer" storage="d:\a\mahmoud-ai-desktop-official\mahmoud-ai-desktop-official\tests\mahmoudai.core.tests\bin\release\net8.0\mahmoudai.core.tests.dll" id="e6405a22-b5ca-787e-93c1-5353e04e0a51">
      <Execution id="7f4804ee-979e-4511-952e-1a2ed108a822" />
      <TestMethod codeBase="D:\a\mahmoud-ai-desktop-official\mahmoud-ai-desktop-official\tests\MahmoudAI.Core.Tests\bin\Release\net8.0\MahmoudAI.Core.Tests.dll" adapterTypeName="executor://xunit/VsTestRunner2/netcoreapp" className="MahmoudAI.Core.Tests.ScreenPrivacyFilterTests" name="RestrictedContext_ClearsPixelBuffer" />
    </UnitTest>
    <UnitTest name="MahmoudAI.Core.Tests.TaskGraphEngineTests.ExecuteGraphAsync_ShouldDetectCycles" storage="d:\a\mahmoud-ai-desktop-official\mahmoud-ai-desktop-official\tests\mahmoudai.core.tests\bin\release\net8.0\mahmoudai.core.tests.dll" id="13cfdb7a-2482-e124-354f-8e9b53f947c9">
      <Execution id="a2f62ec6-59a6-4c92-86f1-2426f361e0ec" />
      <TestMethod codeBase="D:\a\mahmoud-ai-desktop-official\mahmoud-ai-desktop-official\tests\MahmoudAI.Core.Tests\bin\Release\net8.0\MahmoudAI.Core.Tests.dll" adapterTypeName="executor://xunit/VsTestRunner2/netcoreapp" className="MahmoudAI.Core.Tests.TaskGraphEngineTests" name="ExecuteGraphAsync_ShouldDetectCycles" />
    </UnitTest>
    <UnitTest name="MahmoudAI.Core.Tests.ScreenCaptureGuardTests.DeniedCapture_DoesNotReachBackend" storage="d:\a\mahmoud-ai-desktop-official\mahmoud-ai-desktop-official\tests\mahmoudai.core.tests\bin\release\net8.0\mahmoudai.core.tests.dll" id="990b97d8-807f-3bc1-642f-7f48549446fe">
      <Execution id="0fdfaafa-1397-42da-8190-e18c0c71dfa5" />
      <TestMethod codeBase="D:\a\mahmoud-ai-desktop-official\mahmoud-ai-desktop-official\tests\MahmoudAI.Core.Tests\bin\Release\net8.0\MahmoudAI.Core.Tests.dll" adapterTypeName="executor://xunit/VsTestRunner2/netcoreapp" className="MahmoudAI.Core.Tests.ScreenCaptureGuardTests" name="DeniedCapture_DoesNotReachBackend" />
    </UnitTest>
    <UnitTest name="MahmoudAI.Core.Tests.WorkspaceIsolationTests.WorkspaceManager_ShouldAllowValidWorkspacePaths" storage="d:\a\mahmoud-ai-desktop-official\mahmoud-ai-desktop-official\tests\mahmoudai.core.tests\bin\release\net8.0\mahmoudai.core.tests.dll" id="0f356c44-6b98-ab61-adb3-f4cec4dab261">
      <Execution id="28c6dc4c-a5be-423a-9f95-bc9c0870410e" />
      <TestMethod codeBase="D:\a\mahmoud-ai-desktop-official\mahmoud-ai-desktop-official\tests\MahmoudAI.Core.Tests\bin\Release\net8.0\MahmoudAI.Core.Tests.dll" adapterTypeName="executor://xunit/VsTestRunner2/netcoreapp" className="MahmoudAI.Core.Tests.WorkspaceIsolationTests" name="WorkspaceManager_ShouldAllowValidWorkspacePaths" />
    </UnitTest>
    <UnitTest name="MahmoudAI.Core.Tests.SemanticAutomationGuardTests.ApprovedSetValue_ReachesSemanticBackendWithCancellationBoundary" storage="d:\a\mahmoud-ai-desktop-official\mahmoud-ai-desktop-official\tests\mahmoudai.core.tests\bin\release\net8.0\mahmoudai.core.tests.dll" id="0dbabbbe-41ef-7726-db7c-f09291a52e7e">
      <Execution id="75158045-6abf-44e1-a5b2-29e053033d31" />
      <TestMethod codeBase="D:\a\mahmoud-ai-desktop-official\mahmoud-ai-desktop-official\tests\MahmoudAI.Core.Tests\bin\Release\net8.0\MahmoudAI.Core.Tests.dll" adapterTypeName="executor://xunit/VsTestRunner2/netcoreapp" className="MahmoudAI.Core.Tests.SemanticAutomationGuardTests" name="ApprovedSetValue_ReachesSemanticBackendWithCancellationBoundary" />
    </UnitTest>
    <UnitTest name="MahmoudAI.Core.Tests.ScreenCaptureGuardTests.EmergencyStop_DeniesCaptureBeforeBackend" storage="d:\a\mahmoud-ai-desktop-official\mahmoud-ai-desktop-official\tests\mahmoudai.core.tests\bin\release\net8.0\mahmoudai.core.tests.dll" id="5cf98c7f-d25c-8dba-b78b-684392cc9852">
      <Execution id="5f39737a-dc6a-49d7-a238-aede8f193389" />
      <TestMethod codeBase="D:\a\mahmoud-ai-desktop-official\mahmoud-ai-desktop-official\tests\MahmoudAI.Core.Tests\bin\Release\net8.0\MahmoudAI.Core.Tests.dll" adapterTypeName="executor://xunit/VsTestRunner2/netcoreapp" className="MahmoudAI.Core.Tests.ScreenCaptureGuardTests" name="EmergencyStop_DeniesCaptureBeforeBackend" />
    </UnitTest>
    <UnitTest name="MahmoudAI.Core.Tests.AdvancedEngineTests.SqliteMissionStore_ShouldStoreMissionsAndMemory" storage="d:\a\mahmoud-ai-desktop-official\mahmoud-ai-desktop-official\tests\mahmoudai.core.tests\bin\release\net8.0\mahmoudai.core.tests.dll" id="81acb2eb-36aa-13bd-f943-28bc18895b56">
      <Execution id="1b165d94-f050-4548-b6f2-096dd525dcba" />
[...]
    </UnitTest>
    <UnitTest name="MahmoudAI.Core.Tests.MissionEventSinkTests.BufferedSink_ShouldDrainEventsBeforeDispose" storage="d:\a\mahmoud-ai-desktop-official\mahmoud-ai-desktop-official\tests\mahmoudai.core.tests\bin\release\net8.0\mahmoudai.core.tests.dll" id="49e52ecb-5dd7-ac6a-bc94-49c83ad826e4">
      <Execution id="d4a3ad43-32f7-4bb5-9485-77aa1731d18b" />
      <TestMethod codeBase="D:\a\mahmoud-ai-desktop-official\mahmoud-ai-desktop-official\tests\MahmoudAI.Core.Tests\bin\Release\net8.0\MahmoudAI.Core.Tests.dll" adapterTypeName="executor://xunit/VsTestRunner2/netcoreapp" className="MahmoudAI.Core.Tests.MissionEventSinkTests" name="BufferedSink_ShouldDrainEventsBeforeDispose" />
    </UnitTest>
    <UnitTest name="MahmoudAI.Core.Tests.AdvancedRuntimeTests.MissionRecoveryEngine_ShouldSaveAndLoadCheckpoints" storage="d:\a\mahmoud-ai-desktop-official\mahmoud-ai-desktop-official\tests\mahmoudai.core.tests\bin\release\net8.0\mahmoudai.core.tests.dll" id="72eb759f-948f-0d06-31ed-76ef9538e6cf">
      <Execution id="380b4533-8466-4596-b23e-f83b32e40600" />
      <TestMethod codeBase="D:\a\mahmoud-ai-desktop-official\mahmoud-ai-desktop-official\tests\MahmoudAI.Core.Tests\bin\Release\net8.0\MahmoudAI.Core.Tests.dll" adapterTypeName="executor://xunit/VsTestRunner2/netcoreapp" className="MahmoudAI.Core.Tests.AdvancedRuntimeTests" name="MissionRecoveryEngine_ShouldSaveAndLoadCheckpoints" />
    </UnitTest>
    <UnitTest name="MahmoudAI.Core.Tests.ScreenPrivacyFilterTests.PublicContext_PassesFrameThroughUnmodified" storage="d:\a\mahmoud-ai-desktop-official\mahmoud-ai-desktop-official\tests\mahmoudai.core.tests\bin\release\net8.0\mahmoudai.core.tests.dll" id="6b5b174c-dd40-8a86-4b96-fb57ebe3f023">
      <Execution id="4ec11466-b958-4116-8472-854365641e0a" />
      <TestMethod codeBase="D:\a\mahmoud-ai-desktop-official\mahmoud-ai-desktop-official\tests\MahmoudAI.Core.Tests\bin\Release\net8.0\MahmoudAI.Core.Tests.dll" adapterTypeName="executor://xunit/VsTestRunner2/netcoreapp" className="MahmoudAI.Core.Tests.ScreenPrivacyFilterTests" name="PublicContext_PassesFrameThroughUnmodified" />
    </UnitTest>
    <UnitTest name="MahmoudAI.Core.Tests.OcrPipelineTests.OcrPipeline_RejectsNullOrFailedFrames" storage="d:\a\mahmoud-ai-desktop-official\mahmoud-ai-desktop-official\tests\mahmoudai.core.tests\bin\release\net8.0\mahmoudai.core.tests.dll" id="0a396124-fcfd-f8c2-3020-e09a9f7c62ee">
      <Execution id="f3ab9e36-674c-4cab-a588-9a89d1a2ac22" />
      <TestMethod codeBase="D:\a\mahmoud-ai-desktop-official\mahmoud-ai-desktop-official\tests\MahmoudAI.Core.Tests\bin\Release\net8.0\MahmoudAI.Core.Tests.dll" adapterTypeName="executor://xunit/VsTestRunner2/netcoreapp" className="MahmoudAI.Core.Tests.OcrPipelineTests" name="OcrPipeline_RejectsNullOrFailedFrames" />
    </UnitTest>
    <UnitTest name="MahmoudAI.Core.Tests.TaskGraphEngineTests.McpClient_ShouldRegisterAndProvideTools" storage="d:\a\mahmoud-ai-desktop-official\mahmoud-ai-desktop-official\tests\mahmoudai.core.tests\bin\release\net8.0\mahmoudai.core.tests.dll" id="faf240fe-5596-4814-60d6-82735e3a35bc">
      <Execution id="fe3ed8a8-afd3-47f1-af34-aef1128d2bf1" />
      <TestMethod codeBase="D:\a\mahmoud-ai-desktop-official\mahmoud-ai-desktop-official\tests\MahmoudAI.Core.Tests\bin\Release\net8.0\MahmoudAI.Core.Tests.dll" adapterTypeName="executor://xunit/VsTestRunner2/netcoreapp" className="MahmoudAI.Core.Tests.TaskGraphEngineTests" name="McpClient_ShouldRegisterAndProvideTools" />
    </UnitTest>
    <UnitTest name="MahmoudAI.Core.Tests.TaskGraphV2Tests.RetryPolicy_ShouldRejectNegativeDelaysAndNonPositiveBackoff" storage="d:\a\mahmoud-ai-desktop-official\mahmoud-ai-desktop-official\tests\mahmoudai.core.tests\bin\release\net8.0\mahmoudai.core.tests.dll" id="20251509-e7ce-fa39-03c8-a1fe50ee4a66">
      <Execution id="094090eb-cc83-494e-bb74-9673eb865311" />
      <TestMethod codeBase="D:\a\mahmoud-ai-desktop-official\mahmoud-ai-desktop-official\tests\MahmoudAI.Core.Tests\bin\Release\net8.0\MahmoudAI.Core.Tests.dll" adapterTypeName="executor://xunit/VsTestRunner2/netcoreapp" className="MahmoudAI.Core.Tests.TaskGraphV2Tests" name="RetryPolicy_ShouldRejectNegativeDelaysAndNonPositiveBackoff" />
    </UnitTest>
    <UnitTest name="MahmoudAI.Core.Tests.AdvancedPermissionBrokerTests.LeaseExpiry_ShouldStartAfterApprovalCompletes" storage="d:\a\mahmoud-ai-desktop-official\mahmoud-ai-desktop-official\tests\mahmoudai.core.tests\bin\release\net8.0\mahmoudai.core.tests.dll" id="952bafce-eb2f-935d-dbdd-98e190c3e79b">
      <Execution id="d49220d4-374c-4680-976d-f0dec1e2dfaa" />
      <TestMethod codeBase="D:\a\mahmoud-ai-desktop-official\mahmoud-ai-desktop-official\tests\MahmoudAI.Core.Tests\bin\Release\net8.0\MahmoudAI.Core.Tests.dll" adapterTypeName="executor://xunit/VsTestRunner2/netcoreapp" className="MahmoudAI.Core.Tests.AdvancedPermissionBrokerTests" name="LeaseExpiry_ShouldStartAfterApprovalCompletes" />
    </UnitTest>
    <UnitTest name="MahmoudAI.Core.Tests.TaskGraphV2Tests.Scheduler_ShouldPropagateDependencyFailureAsSkipped_AndEmitSkipped" storage="d:\a\mahmoud-ai-desktop-official\mahmoud-ai-desktop-official\tests\mahmoudai.core.tests\bin\release\net8.0\mahmoudai.core.tests.dll" id="c172d018-1314-fb4b-ac06-afb564fa5a5e">
      <Execution id="10dc8d5f-4a42-40d5-947d-bbbcbb4d7dab" />
      <TestMethod codeBase="D:\a\mahmoud-ai-desktop-official\mahmoud-ai-desktop-official\tests\MahmoudAI.Core.Tests\bin\Release\net8.0\MahmoudAI.Core.Tests.dll" adapterTypeName="executor://xunit/VsTestRunner2/netcoreapp" className="MahmoudAI.Core.Tests.TaskGraphV2Tests" name="Scheduler_ShouldPropagateDependencyFailureAsSkipped_AndEmitSkipped" />
    </UnitTest>
    <UnitTest name="MahmoudAI.Core.Tests.TaskGraphV2Tests.Scheduler_ShouldExecuteIndependentTasksInParallel_AndRespectDependencies" storage="d:\a\mahmoud-ai-desktop-official\mahmoud-ai-desktop-official\tests\mahmoudai.core.tests\bin\release\net8.0\mahmoudai.core.tests.dll" id="4e2ee614-5b96-533d-8fdd-208d94f3ceb3">
      <Execution id="f885fff7-fee6-4142-a1fa-2409d5dd9869" />
      <TestMethod codeBase="D:\a\mahmoud-ai-desktop-official\mahmoud-ai-desktop-official\tests\MahmoudAI.Core.Tests\bin\Release\net8.0\MahmoudAI.Core.Tests.dll" adapterTypeName="executor://xunit/VsTestRunner2/netcoreapp" className="MahmoudAI.Core.Tests.TaskGraphV2Tests" name="Scheduler_ShouldExecuteIndependentTasksInParallel_AndRespectDependencies" />
    </UnitTest>
    <UnitTest name="MahmoudAI.Core.Tests.AutomationLeaseTests.RevokedToken_ShouldReachBackendBeforePotentialSideEffect" storage="d:\a\mahmoud-ai-desktop-official\mahmoud-ai-desktop-official\tests\mahmoudai.core.tests\bin\release\net8.0\mahmoudai.core.tests.dll" id="2223ea4c-b33c-ff59-5392-08ba5ce1a15e">
      <Execution id="c3767197-05e5-4ce7-a804-89a1fd0bc9ee" />
      <TestMethod codeBase="D:\a\mahmoud-ai-desktop-official\mahmoud-ai-desktop-official\tests\MahmoudAI.Core.Tests\bin\Release\net8.0\MahmoudAI.Core.Tests.dll" adapterTypeName="executor://xunit/VsTestRunner2/netcoreapp" className="MahmoudAI.Core.Tests.AutomationLeaseTests" name="RevokedToken_ShouldReachBackendBeforePotentialSideEffect" />
    </UnitTest>
  </TestDefinitions>
  <TestEntries>
    <TestEntry testId="a4905071-c0d1-cf1e-df99-7e942db2a4d1" executionId="0aa4702a-11d1-4dc0-9f1e-920884c0b9f2" testListId="8c84fa94-04c1-424b-9868-57a2d4851a1d" />
    <TestEntry testId="952bafce-eb2f-935d-dbdd-98e190c3e79b" executionId="d49220d4-374c-4680-976d-f0dec1e2dfaa" testListId="8c84fa94-04c1-424b-9868-57a2d4851a1d" />
    <TestEntry testId="753d19b9-474d-6156-05b3-19f7634cafaf" executionId="803092bb-bc4d-4932-9140-a04a76b961db" testListId="8c84fa94-04c1-424b-9868-57a2d4851a1d" />
    <TestEntry testId="575714b7-cafc-555b-75ee-65b2d7d0bcef" executionId="362a2e70-58ec-483a-b0d6-41c5f7767ef3" testListId="8c84fa94-04c1-424b-9868-57a2d4851a1d" />
    <TestEntry testId="0f356c44-6b98-ab61-adb3-f4cec4dab261" executionId="28c6dc4c-a5be-423a-9f95-bc9c0870410e" testListId="8c84fa94-04c1-424b-9868-57a2d4851a1d" />
    <TestEntry testId="0a396124-fcfd-f8c2-3020-e09a9f7c62ee" executionId="f3ab9e36-674c-4cab-a588-9a89d1a2ac22" testListId="8c84fa94-04c1-424b-9868-57a2d4851a1d" />
    <TestEntry testId="92b9a565-d671-1f74-44f1-39c242d14605" executionId="8e225540-e304-41c9-bf53-6d3cf75eb77c" testListId="8c84fa94-04c1-424b-9868-57a2d4851a1d" />
    <TestEntry testId="40dd8fb9-b523-e149-8264-5ea7140fc918" executionId="05bf7e02-3a34-4436-a59e-41c43c5d29f9" testListId="8c84fa94-04c1-424b-9868-57a2d4851a1d" />
    <TestEntry testId="2954b019-2f0f-d86b-25f7-dde9a33cd4f8" executionId="f2a746ac-f2c8-4eac-9e4b-af914cb46886" testListId="8c84fa94-04c1-424b-9868-57a2d4851a1d" />
    <TestEntry testId="f6080b4f-c406-66e6-da2f-54eb9c1b5dd6" executionId="fa56aa56-2f00-4f0b-b7d8-9e77a76cde2e" testListId="8c84fa94-04c1-424b-9868-57a2d4851a1d" />
    <TestEntry testId="0a11df23-d9aa-bdeb-3d6a-86b64a9df147" executionId="7f4ddaf5-c62f-48b9-a0b0-b3d3906b75af" testListId="8c84fa94-04c1-424b-9868-57a2d4851a1d" />
    <TestEntry testId="fcb4cf7b-b4b8-e6bd-cbcf-6801b83108af" executionId="5648edb0-5d16-46bb-bb8b-445b63091339" testListId="8c84fa94-04c1-424b-9868-57a2d4851a1d" />
    <TestEntry testId="4273bca3-596c-1ef2-5b0a-9d2d2376678c" executionId="8eb497fd-2ec1-4b75-ba21-f260128a3539" testListId="8c84fa94-04c1-424b-9868-57a2d4851a1d" />
    <TestEntry testId="990b97d8-807f-3bc1-642f-7f48549446fe" executionId="0fdfaafa-1397-42da-8190-e18c0c71dfa5" testListId="8c84fa94-04c1-424b-9868-57a2d4851a1d" />
    <TestEntry testId="3fc24da1-ab5c-4bc5-a1fc-1e361be8ad15" executionId="be63287e-6b2c-475f-b199-939096f8a2b9" testListId="8c84fa94-04c1-424b-9868-57a2d4851a1d" />
    <TestEntry testId="9bab8e44-40bc-f205-20d8-42dc6171bd26" executionId="3678f8f0-cafa-4373-8c59-f5d033a1771f" testListId="8c84fa94-04c1-424b-9868-57a2d4851a1d" />
    <TestEntry testId="49e52ecb-5dd7-ac6a-bc94-49c83ad826e4" executionId="d4a3ad43-32f7-4bb5-9485-77aa1731d18b" testListId="8c84fa94-04c1-424b-9868-57a2d4851a1d" />
    <TestEntry testId="6b5b174c-dd40-8a86-4b96-fb57ebe3f023" executionId="4ec11466-b958-4116-8472-854365641e0a" testListId="8c84fa94-04c1-424b-9868-57a2d4851a1d" />
    <TestEntry testId="fdffa128-5080-a0af-df5d-f9c26ffec9f5" executionId="6db32a55-0bdd-41b3-a74c-cf001bbd10fd" testListId="8c84fa94-04c1-424b-9868-57a2d4851a1d" />
    <TestEntry testId="5b36de80-60fb-2062-5cbd-2c07d07c940a" executionId="6ad7ee7d-a10b-4298-ab4a-2bfa7d3cda08" testListId="8c84fa94-04c1-424b-9868-57a2d4851a1d" />
    <TestEntry testId="fdd468b4-fd24-19b9-3689-eacb9690aad6" executionId="a0aad4f4-1a97-48ac-9cdb-3eeb1ab8e5cc" testListId="8c84fa94-04c1-424b-9868-57a2d4851a1d" />
    <TestEntry testId="922eedf5-b491-3d68-9f52-1d9d074c1656" executionId="8b008062-53a6-4092-9559-2755146cbeb9" testListId="8c84fa94-04c1-424b-9868-57a2d4851a1d" />
    <TestEntry testId="24c88015-38e4-091a-2099-d924d9277743" executionId="b92f3010-d8af-43be-8e2d-0b9f1db4baf1" testListId="8c84fa94-04c1-424b-9868-57a2d4851a1d" />
    <TestEntry testId="3a517498-ca46-dc92-57b8-3bf4810659c1" executionId="27667daa-abc9-4a90-8a59-3dc46a4e6e57" testListId="8c84fa94-04c1-424b-9868-57a2d4851a1d" />
    <TestEntry testId="2223ea4c-b33c-ff59-5392-08ba5ce1a15e" executionId="c3767197-05e5-4ce7-a804-89a1fd0bc9ee" testListId="8c84fa94-04c1-424b-9868-57a2d4851a1d" />
    <TestEntry testId="b7b9b68a-df04-b875-bd8f-5bf5a16e7442" executionId="1739fea5-e2e3-4fb6-bc13-e5d9d1cac9bd" testListId="8c84fa94-04c1-424b-9868-57a2d4851a1d" />
    <TestEntry testId="de468385-f39b-2459-97dd-e60f2fee9655" executionId="850f3a78-2c00-442b-bc01-a3904b4c0cbc" testListId="8c84fa94-04c1-424b-9868-57a2d4851a1d" />
    <TestEntry testId="7ca25171-fa40-e59d-4bbf-7756b60bdf78" executionId="b6cb1686-5d81-4bb2-a91e-4966e940277b" testListId="8c84fa94-04c1-424b-9868-57a2d4851a1d" />
    <TestEntry testId="eb93d818-6bbc-9255-f74d-342d68888d97" executionId="02a9a4a4-d073-4a8a-8e01-752e4901cb97" testListId="8c84fa94-04c1-424b-9868-57a2d4851a1d" />
    <TestEntry testId="ed0bdef3-d103-b2ba-23e5-851fdb4d0ad5" executionId="e8d51755-5a04-4d61-bb2f-81d1b5cdbc42" testListId="8c84fa94-04c1-424b-9868-57a2d4851a1d" />
    <TestEntry testId="bbc0aabc-e125-7c7a-94ee-f0b37ad4c2e5" executionId="3aaccf2f-b94b-496b-b7db-761ab84da0fe" testListId="8c84fa94-04c1-424b-9868-57a2d4851a1d" />
    <TestEntry testId="5cf98c7f-d25c-8dba-b78b-684392cc9852" executionId="5f39737a-dc6a-49d7-a238-aede8f193389" testListId="8c84fa94-04c1-424b-9868-57a2d4851a1d" />
    <TestEntry testId="e11e5559-f938-d732-5712-2773c8e80b96" executionId="f302306d-eb18-4dba-b146-70a9ab77a3dc" testListId="8c84fa94-04c1-424b-9868-57a2d4851a1d" />
    <TestEntry testId="20251509-e7ce-fa39-03c8-a1fe50ee4a66" executionId="094090eb-cc83-494e-bb74-9673eb865311" testListId="8c84fa94-04c1-424b-9868-57a2d4851a1d" />
    <TestEntry testId="81acb2eb-36aa-13bd-f943-28bc18895b56" executionId="1b165d94-f050-4548-b6f2-096dd525dcba" testListId="8c84fa94-04c1-424b-9868-57a2d4851a1d" />
    <TestEntry testId="297349e0-8378-0de2-1c8e-648487895aa4" executionId="eb1d6b58-cdc5-44ee-b12d-c8c4c116ebfd" testListId="8c84fa94-04c1-424b-9868-57a2d4851a1d" />
    <TestEntry testId="4e6217b4-4b60-a486-4af9-f292a18b0118" executionId="d5385868-87e6-41ab-8c1c-9c135d40e179" testListId="8c84fa94-04c1-424b-9868-57a2d4851a1d" />
    <TestEntry testId="e53152f6-d384-eb29-35ee-0bd7e64cb812" executionId="3e8b9b66-4fa7-4cbb-90a2-07e3f4b46a9b" testListId="8c84fa94-04c1-424b-9868-57a2d4851a1d" />
    <TestEntry testId="1ad162b7-db76-e166-dd2c-1d21f45004ae" executionId="d06d5665-5968-412b-a7c4-f70244384c3a" testListId="8c84fa94-04c1-424b-9868-57a2d4851a1d" />
    <TestEntry testId="31fb9a16-53cc-9851-5aed-575bb2ad039d" executionId="ab537f57-8b2a-4368-9320-917795a407a2" testListId="8c84fa94-04c1-424b-9868-57a2d4851a1d" />
    <TestEntry testId="90e18cfc-da9f-adbe-8325-ecca0bdfd2d6" executionId="c57bf9a2-1a71-4888-9a32-6a4fdfec7b69" testListId="8c84fa94-04c1-424b-9868-57a2d4851a1d" />
    <TestEntry testId="66b089d2-d73d-bc21-e515-3d0b31f7c832" executionId="b37272af-0bc9-48f1-9d2c-4a6170e88b00" testListId="8c84fa94-04c1-424b-9868-57a2d4851a1d" />
    <TestEntry testId="f6840ccf-ceb1-7122-a11e-a80a7387a165" executionId="01183304-53ed-4cf4-881f-078fda236914" testListId="8c84fa94-04c1-424b-9868-57a2d4851a1d" />
    <TestEntry testId="13cfdb7a-2482-e124-354f-8e9b53f947c9" executionId="a2f62ec6-59a6-4c92-86f1-2426f361e0ec" testListId="8c84fa94-04c1-424b-9868-57a2d4851a1d" />
    <TestEntry testId="88ed71d3-328a-92cb-c3d1-c8c8408da3fe" executionId="1d99c396-1657-4700-bfe8-bfd970d19710" testListId="8c84fa94-04c1-424b-9868-57a2d4851a1d" />
    <TestEntry testId="4601f59c-df60-90c9-8eb0-f7a2cf2fdf47" executionId="ba4ca478-0a93-43fa-bc2c-6674ba78e05e" testListId="8c84fa94-04c1-424b-9868-57a2d4851a1d" />
    <TestEntry testId="ac4911d6-e09b-c151-60b4-cdfabbcda981" executionId="e6e731e3-2aca-4ad8-8b5a-e5ed3b5160b2" testListId="8c84fa94-04c1-424b-9868-57a2d4851a1d" />
    <TestEntry testId="e6405a22-b5ca-787e-93c1-5353e04e0a51" executionId="7f4804ee-979e-4511-952e-1a2ed108a822" testListId="8c84fa94-04c1-424b-9868-57a2d4851a1d" />
    <TestEntry testId="19b08f73-6378-f701-d4a1-c8fa19471662" executionId="b4b26f62-c614-4358-b181-b256b6fcabc4" testListId="8c84fa94-04c1-424b-9868-57a2d4851a1d" />
    <TestEntry testId="d0471417-4109-bae8-4148-66f3b63783bc" executionId="a068aa7a-fc31-42b4-9499-9b384af1e50a" testListId="8c84fa94-04c1-424b-9868-57a2d4851a1d" />
    <TestEntry testId="027916de-ec85-15e9-0f3e-97088bd22eaa" executionId="2b45664a-b63a-4b4d-8ba6-102d745c0c11" testListId="8c84fa94-04c1-424b-9868-57a2d4851a1d" />
    <TestEntry testId="c2c9dea8-2856-9248-2c33-52fc10e47ca4" executionId="3cba251b-750d-4a41-87bc-4562107b78a8" testListId="8c84fa94-04c1-424b-9868-57a2d4851a1d" />
    <TestEntry testId="8ee80d41-9bbb-8514-37db-cd444ba0bf0a" executionId="199520ef-9613-4948-adc3-bc8112957c2e" testListId="8c84fa94-04c1-424b-9868-57a2d4851a1d" />
    <TestEntry testId="7fd132f4-9a3a-94c1-f17d-885e85f89037" executionId="20591703-25d2-4c85-8c9f-f75a63c83aa4" testListId="8c84fa94-04c1-424b-9868-57a2d4851a1d" />
    <TestEntry testId="c172d018-1314-fb4b-ac06-afb564fa5a5e" executionId="10dc8d5f-4a42-40d5-947d-bbbcbb4d7dab" testListId="8c84fa94-04c1-424b-9868-57a2d4851a1d" />
    <TestEntry testId="f4dc7fac-75a0-7038-c28e-f93ee13e311b" executionId="6869e3ac-d6db-4733-9fc7-689c23cc5263" testListId="8c84fa94-04c1-424b-9868-57a2d4851a1d" />
    <TestEntry testId="118c242c-b0f7-6c57-b647-772f481709c9" executionId="bfa9e924-b0d4-4fc3-8269-ad94f606eb6a" testListId="8c84fa94-04c1-424b-9868-57a2d4851a1d" />
    <TestEntry testId="0dbabbbe-41ef-7726-db7c-f09291a52e7e" executionId="75158045-6abf-44e1-a5b2-29e053033d31" testListId="8c84fa94-04c1-424b-9868-57a2d4851a1d" />
    <TestEntry testId="4e7d869b-a67c-1680-2e5f-5abb5b92e688" executionId="a4465de7-4e6f-4afa-8595-2a8cf9647527" testListId="8c84fa94-04c1-424b-9868-57a2d4851a1d" />
    <TestEntry testId="6e917027-be33-dd89-ef15-cada56f6e8e5" executionId="25fda0ef-b6a0-4190-9a36-2c64254c35f3" testListId="8c84fa94-04c1-424b-9868-57a2d4851a1d" />
    <TestEntry testId="72eb759f-948f-0d06-31ed-76ef9538e6cf" executionId="380b4533-8466-4596-b23e-f83b32e40600" testListId="8c84fa94-04c1-424b-9868-57a2d4851a1d" />
    <TestEntry testId="19f8975d-e3af-b751-83ae-524081e86d31" executionId="fd33a1ae-19f6-412e-9625-e08f9de8eac1" testListId="8c84fa94-04c1-424b-9868-57a2d4851a1d" />
    <TestEntry testId="4a5acac3-21fb-e195-e2f4-45c55ac4ec53" executionId="737a34bc-67ac-4a87-9376-00c45a0e3f78" testListId="8c84fa94-04c1-424b-9868-57a2d4851a1d" />
    <TestEntry testId="14fe74b9-a214-e712-6df5-801d6548ed5a" executionId="00aacaf1-cf8a-4aed-9377-f093d1405182" testListId="8c84fa94-04c1-424b-9868-57a2d4851a1d" />
    <TestEntry testId="faf240fe-5596-4814-60d6-82735e3a35bc" executionId="fe3ed8a8-afd3-47f1-af34-aef1128d2bf1" testListId="8c84fa94-04c1-424b-9868-57a2d4851a1d" />
    <TestEntry testId="58ae39cb-4511-6eca-f691-8bebaa107ddc" executionId="ca255ae1-56a5-45ac-a192-a5b8bb39d66f" testListId="8c84fa94-04c1-424b-9868-57a2d4851a1d" />
    <TestEntry testId="a5eca213-d08e-a2fe-c8eb-33330886669b" executionId="e701ba2d-a115-4552-aa68-49b81975adbb" testListId="8c84fa94-04c1-424b-9868-57a2d4851a1d" />
    <TestEntry testId="938b90c6-38c7-71eb-5e54-83ee1581f1e0" executionId="72f47665-91b0-4e5a-90be-cbfc346a1862" testListId="8c84fa94-04c1-424b-9868-57a2d4851a1d" />
    <TestEntry testId="4e2ee614-5b96-533d-8fdd-208d94f3ceb3" executionId="f885fff7-fee6-4142-a1fa-2409d5dd9869" testListId="8c84fa94-04c1-424b-9868-57a2d4851a1d" />
    <TestEntry testId="771535cf-7393-ced6-f577-8e2a530e07d0" executionId="0e2c202a-bbf5-45c9-83d8-a746607a7c2d" testListId="8c84fa94-04c1-424b-9868-57a2d4851a1d" />
    <TestEntry testId="4c6f8937-2ad1-a338-3a64-4453bc0a543c" executionId="8d10186c-cb13-47d0-876f-0fad1a83ef83" testListId="8c84fa94-04c1-424b-9868-57a2d4851a1d" />
  </TestEntries>
  <TestLists>
    <TestList name="Results Not in a List" id="8c84fa94-04c1-424b-9868-57a2d4851a1d" />
    <TestList name="All Loaded Results" id="19431567-8539-422a-85d7-44ee4e166bda" />
  </TestLists>
  <ResultSummary outcome="Completed">
    <Counters total="71" executed="71" passed="71" failed="0" error="0" timeout="0" aborted="0" inconclusive="0" passedButRunAborted="0" notRunnable="0" notExecuted="0" disconnected="0" warning="0" completed="0" inProgress="0" pending="0" />
    <Output>
      <StdOut>[xUnit.net 00:00:00.00] xUnit.net VSTest Adapter v2.8.2+699d445a1a (64-bit .NET 8.0.30)&#xD;
[xUnit.net 00:00:00.09]   Discovering: MahmoudAI.Core.Tests&#xD;
[xUnit.net 00:00:00.16]   Discovered:  MahmoudAI.Core.Tests&#xD;
[xUnit.net 00:00:00.16]   Starting:    MahmoudAI.Core.Tests&#xD;
[xUnit.net 00:00:06.39]   Finished:    MahmoudAI.Core.Tests&#xD;
</StdOut>
    </Output>
  </ResultSummary>
</TestRun>